{"name":"Checkout Consolidated : scenario OneCOneSevenEightNineEightSixCOneTwoOneNineCTwoEightNineNine","status":"broken","statusDetails":{"known":false,"muted":false,"flaky":false,"message":"no such element: Unable to locate element: {\"method\":\"xpath\",\"selector\":\"(//div[@class=\"horizontal-scroll-list__product-cards\"]//div[@class=\"productCard__title\"]/a)[3]\"}\n  (Session info: chrome=94.0.4606.81)\nFor documentation on this error, please visit: https://www.seleniumhq.org/exceptions/no_such_element.html\nBuild info: version: '3.141.59', revision: 'e82be7d358', time: '2018-11-14T08:17:03'\nSystem info: host: 'CHL127878', ip: '192.168.1.7', os.name: 'Windows 10', os.arch: 'amd64', os.version: '10.0', java.version: '11.0.12'\nDriver info: org.openqa.selenium.remote.RemoteWebDriver\nCapabilities {acceptInsecureCerts: false, browserName: chrome, browserVersion: 94.0.4606.81, chrome: {chromedriverVersion: 93.0.4577.15 (660fc11082ba5..., userDataDir: C:\\Users\\ltuser\\AppData\\Loc...}, goog:chromeOptions: {debuggerAddress: localhost:53397}, javascriptEnabled: true, networkConnectionEnabled: false, pageLoadStrategy: normal, platform: WINDOWS, platformName: WINDOWS, proxy: Proxy(), setWindowRect: true, strictFileInteractability: false, timeouts: {implicit: 0, pageLoad: 300000, script: 30000}, unhandledPromptBehavior: dismiss and notify, webauthn:extension:credBlob: true, webauthn:extension:largeBlob: true, webauthn:virtualAuthenticators: true, webdriver.remote.sessionid: 53b1fbc6e943cec358efe1099d2...}\nSession ID: 53b1fbc6e943cec358efe1099d294285\n*** Element info: {Using=xpath, value=(//div[@class=\"horizontal-scroll-list__product-cards\"]//div[@class=\"productCard__title\"]/a)[3]}","trace":"org.openqa.selenium.NoSuchElementException: no such element: Unable to locate element: {\"method\":\"xpath\",\"selector\":\"(//div[@class=\"horizontal-scroll-list__product-cards\"]//div[@class=\"productCard__title\"]/a)[3]\"}\n  (Session info: chrome=94.0.4606.81)\nFor documentation on this error, please visit: https://www.seleniumhq.org/exceptions/no_such_element.html\nBuild info: version: '3.141.59', revision: 'e82be7d358', time: '2018-11-14T08:17:03'\nSystem info: host: 'CHL127878', ip: '192.168.1.7', os.name: 'Windows 10', os.arch: 'amd64', os.version: '10.0', java.version: '11.0.12'\nDriver info: org.openqa.selenium.remote.RemoteWebDriver\nCapabilities {acceptInsecureCerts: false, browserName: chrome, browserVersion: 94.0.4606.81, chrome: {chromedriverVersion: 93.0.4577.15 (660fc11082ba5..., userDataDir: C:\\Users\\ltuser\\AppData\\Loc...}, goog:chromeOptions: {debuggerAddress: localhost:53397}, javascriptEnabled: true, networkConnectionEnabled: false, pageLoadStrategy: normal, platform: WINDOWS, platformName: WINDOWS, proxy: Proxy(), setWindowRect: true, strictFileInteractability: false, timeouts: {implicit: 0, pageLoad: 300000, script: 30000}, unhandledPromptBehavior: dismiss and notify, webauthn:extension:credBlob: true, webauthn:extension:largeBlob: true, webauthn:virtualAuthenticators: true, webdriver.remote.sessionid: 53b1fbc6e943cec358efe1099d2...}\nSession ID: 53b1fbc6e943cec358efe1099d294285\n*** Element info: {Using=xpath, value=(//div[@class=\"horizontal-scroll-list__product-cards\"]//div[@class=\"productCard__title\"]/a)[3]}\r\n\tat jdk.internal.reflect.GeneratedConstructorAccessor75.newInstance(Unknown Source)\r\n\tat java.base/jdk.internal.reflect.DelegatingConstructorAccessorImpl.newInstance(DelegatingConstructorAccessorImpl.java:45)\r\n\tat java.base/java.lang.reflect.Constructor.newInstance(Constructor.java:490)\r\n\tat org.openqa.selenium.remote.http.W3CHttpResponseCodec.createException(W3CHttpResponseCodec.java:187)\r\n\tat org.openqa.selenium.remote.http.W3CHttpResponseCodec.decode(W3CHttpResponseCodec.java:122)\r\n\tat org.openqa.selenium.remote.http.W3CHttpResponseCodec.decode(W3CHttpResponseCodec.java:49)\r\n\tat org.openqa.selenium.remote.HttpCommandExecutor.execute(HttpCommandExecutor.java:158)\r\n\tat org.openqa.selenium.remote.RemoteWebDriver.execute(RemoteWebDriver.java:552)\r\n\tat org.openqa.selenium.remote.RemoteWebDriver.findElement(RemoteWebDriver.java:323)\r\n\tat org.openqa.selenium.remote.RemoteWebDriver.findElementByXPath(RemoteWebDriver.java:428)\r\n\tat testng_framework.WebDriverHelper.getElement(WebDriverHelper.java:156)\r\n\tat testng_framework.WebDriverHelper.getElement(WebDriverHelper.java:172)\r\n\tat testng_framework.WebDriverHelper.clickOnElement(WebDriverHelper.java:249)\r\n\tat generated_tests.Checkout_Consolidated.scenario_OneCOneSevenEightNineEightSixCOneTwoOneNineCTwoEightNineNine(Checkout_Consolidated.java:35)\r\n\tat StepDef.Checkout_Consolidated_StepDef.Checkout_Consolidatedscenario_OneCOneSevenEightNineEightSixCOneTwoOneNineCTwoEightNineNineStep(Checkout_Consolidated_StepDef.java:12)\r\n\tat ✽.Checkout Consolidated : scenario OneCOneSevenEightNineEightSixCOneTwoOneNineCTwoEightNineNine(file:///C:/Users/kirubanithi_r/Documents/EndtestTestNGMigrationLambdatest/src/main/java/features/Checkout_Consolidated.feature:6)\r\n"},"stage":"finished","steps":[{"name":"Given  Checkout Consolidated : scenario OneCOneSevenEightNineEightSixCOneTwoOneNineCTwoEightNineNine","status":"broken","statusDetails":{"known":false,"muted":false,"flaky":false,"message":"no such element: Unable to locate element: {\"method\":\"xpath\",\"selector\":\"(//div[@class=\"horizontal-scroll-list__product-cards\"]//div[@class=\"productCard__title\"]/a)[3]\"}\n  (Session info: chrome=94.0.4606.81)\nFor documentation on this error, please visit: https://www.seleniumhq.org/exceptions/no_such_element.html\nBuild info: version: '3.141.59', revision: 'e82be7d358', time: '2018-11-14T08:17:03'\nSystem info: host: 'CHL127878', ip: '192.168.1.7', os.name: 'Windows 10', os.arch: 'amd64', os.version: '10.0', java.version: '11.0.12'\nDriver info: org.openqa.selenium.remote.RemoteWebDriver\nCapabilities {acceptInsecureCerts: false, browserName: chrome, browserVersion: 94.0.4606.81, chrome: {chromedriverVersion: 93.0.4577.15 (660fc11082ba5..., userDataDir: C:\\Users\\ltuser\\AppData\\Loc...}, goog:chromeOptions: {debuggerAddress: localhost:53397}, javascriptEnabled: true, networkConnectionEnabled: false, pageLoadStrategy: normal, platform: WINDOWS, platformName: WINDOWS, proxy: Proxy(), setWindowRect: true, strictFileInteractability: false, timeouts: {implicit: 0, pageLoad: 300000, script: 30000}, unhandledPromptBehavior: dismiss and notify, webauthn:extension:credBlob: true, webauthn:extension:largeBlob: true, webauthn:virtualAuthenticators: true, webdriver.remote.sessionid: 53b1fbc6e943cec358efe1099d2...}\nSession ID: 53b1fbc6e943cec358efe1099d294285\n*** Element info: {Using=xpath, value=(//div[@class=\"horizontal-scroll-list__product-cards\"]//div[@class=\"productCard__title\"]/a)[3]}","trace":"org.openqa.selenium.NoSuchElementException: no such element: Unable to locate element: {\"method\":\"xpath\",\"selector\":\"(//div[@class=\"horizontal-scroll-list__product-cards\"]//div[@class=\"productCard__title\"]/a)[3]\"}\n  (Session info: chrome=94.0.4606.81)\nFor documentation on this error, please visit: https://www.seleniumhq.org/exceptions/no_such_element.html\nBuild info: version: '3.141.59', revision: 'e82be7d358', time: '2018-11-14T08:17:03'\nSystem info: host: 'CHL127878', ip: '192.168.1.7', os.name: 'Windows 10', os.arch: 'amd64', os.version: '10.0', java.version: '11.0.12'\nDriver info: org.openqa.selenium.remote.RemoteWebDriver\nCapabilities {acceptInsecureCerts: false, browserName: chrome, browserVersion: 94.0.4606.81, chrome: {chromedriverVersion: 93.0.4577.15 (660fc11082ba5..., userDataDir: C:\\Users\\ltuser\\AppData\\Loc...}, goog:chromeOptions: {debuggerAddress: localhost:53397}, javascriptEnabled: true, networkConnectionEnabled: false, pageLoadStrategy: normal, platform: WINDOWS, platformName: WINDOWS, proxy: Proxy(), setWindowRect: true, strictFileInteractability: false, timeouts: {implicit: 0, pageLoad: 300000, script: 30000}, unhandledPromptBehavior: dismiss and notify, webauthn:extension:credBlob: true, webauthn:extension:largeBlob: true, webauthn:virtualAuthenticators: true, webdriver.remote.sessionid: 53b1fbc6e943cec358efe1099d2...}\nSession ID: 53b1fbc6e943cec358efe1099d294285\n*** Element info: {Using=xpath, value=(//div[@class=\"horizontal-scroll-list__product-cards\"]//div[@class=\"productCard__title\"]/a)[3]}\r\n\tat jdk.internal.reflect.GeneratedConstructorAccessor75.newInstance(Unknown Source)\r\n\tat java.base/jdk.internal.reflect.DelegatingConstructorAccessorImpl.newInstance(DelegatingConstructorAccessorImpl.java:45)\r\n\tat java.base/java.lang.reflect.Constructor.newInstance(Constructor.java:490)\r\n\tat org.openqa.selenium.remote.http.W3CHttpResponseCodec.createException(W3CHttpResponseCodec.java:187)\r\n\tat org.openqa.selenium.remote.http.W3CHttpResponseCodec.decode(W3CHttpResponseCodec.java:122)\r\n\tat org.openqa.selenium.remote.http.W3CHttpResponseCodec.decode(W3CHttpResponseCodec.java:49)\r\n\tat org.openqa.selenium.remote.HttpCommandExecutor.execute(HttpCommandExecutor.java:158)\r\n\tat org.openqa.selenium.remote.RemoteWebDriver.execute(RemoteWebDriver.java:552)\r\n\tat org.openqa.selenium.remote.RemoteWebDriver.findElement(RemoteWebDriver.java:323)\r\n\tat org.openqa.selenium.remote.RemoteWebDriver.findElementByXPath(RemoteWebDriver.java:428)\r\n\tat testng_framework.WebDriverHelper.getElement(WebDriverHelper.java:156)\r\n\tat testng_framework.WebDriverHelper.getElement(WebDriverHelper.java:172)\r\n\tat testng_framework.WebDriverHelper.clickOnElement(WebDriverHelper.java:249)\r\n\tat generated_tests.Checkout_Consolidated.scenario_OneCOneSevenEightNineEightSixCOneTwoOneNineCTwoEightNineNine(Checkout_Consolidated.java:35)\r\n\tat StepDef.Checkout_Consolidated_StepDef.Checkout_Consolidatedscenario_OneCOneSevenEightNineEightSixCOneTwoOneNineCTwoEightNineNineStep(Checkout_Consolidated_StepDef.java:12)\r\n\tat ✽.Checkout Consolidated : scenario OneCOneSevenEightNineEightSixCOneTwoOneNineCTwoEightNineNine(file:///C:/Users/kirubanithi_r/Documents/EndtestTestNGMigrationLambdatest/src/main/java/features/Checkout_Consolidated.feature:6)\r\n"},"stage":"finished","steps":[],"attachments":[],"parameters":[],"start":1641548884494,"stop":1641549038028}],"attachments":[],"parameters":[],"start":1641548876063,"stop":1641549042759,"uuid":"0da9294a-1cd3-42d2-9b0f-8cf461b764a2","historyId":"1a41e718899e19245c2f0f95b06d82c4","fullName":"Checkout Consolidated: Checkout Consolidated : scenario OneCOneSevenEightNineEightSixCOneTwoOneNineCTwoEightNineNine","labels":[{"name":"tag","value":"Checkout_Consolidated"},{"name":"tag","value":"Checkout_Consolidated_1"},{"name":"host","value":"CHL127878"},{"name":"thread","value":"18652@CHL127878.TestNG-PoolService-1(18)"},{"name":"feature","value":"Checkout Consolidated"},{"name":"story","value":"Checkout Consolidated : scenario OneCOneSevenEightNineEightSixCOneTwoOneNineCTwoEightNineNine"},{"name":"suite","value":"Checkout Consolidated"},{"name":"testClass","value":"Checkout Consolidated : scenario OneCOneSevenEightNineEightSixCOneTwoOneNineCTwoEightNineNine"},{"name":"framework","value":"cucumber4jvm"},{"name":"language","value":"java"},{"name":"gherkin_uri","value":"file:///C:/Users/kirubanithi_r/Documents/EndtestTestNGMigrationLambdatest/src/main/java/features/Checkout_Consolidated.feature"},{"name":"package","value":"src.main.java.features.Checkout_Consolidated_feature.Checkout Consolidated"}],"links":[]}