{"name":"New Checkout Step One Peru   Desktop : ECOMRegisteredValidate that the banner for ecom is displayedCTwoOneFourFive","status":"broken","statusDetails":{"known":false,"muted":false,"flaky":false,"message":"no such element: Unable to locate element: {\"method\":\"xpath\",\"selector\":\"(//a[@class=\"name\"])[6]\"}\n  (Session info: chrome=94.0.4606.81)\nFor documentation on this error, please visit: https://www.seleniumhq.org/exceptions/no_such_element.html\nBuild info: version: '3.141.59', revision: 'e82be7d358', time: '2018-11-14T08:17:03'\nSystem info: host: 'CHL127878', ip: '192.168.1.7', os.name: 'Windows 10', os.arch: 'amd64', os.version: '10.0', java.version: '11.0.12'\nDriver info: org.openqa.selenium.remote.RemoteWebDriver\nCapabilities {acceptInsecureCerts: false, browserName: chrome, browserVersion: 94.0.4606.81, chrome: {chromedriverVersion: 93.0.4577.15 (660fc11082ba5..., userDataDir: C:\\Users\\ltuser\\AppData\\Loc...}, goog:chromeOptions: {debuggerAddress: localhost:53639}, javascriptEnabled: true, networkConnectionEnabled: false, pageLoadStrategy: normal, platform: WINDOWS, platformName: WINDOWS, proxy: Proxy(), setWindowRect: true, strictFileInteractability: false, timeouts: {implicit: 0, pageLoad: 300000, script: 30000}, unhandledPromptBehavior: dismiss and notify, webauthn:extension:credBlob: true, webauthn:extension:largeBlob: true, webauthn:virtualAuthenticators: true, webdriver.remote.sessionid: 10b7ad5bdfeddaf363b14214b7d...}\nSession ID: 10b7ad5bdfeddaf363b14214b7d9e653\n*** Element info: {Using=xpath, value=(//a[@class=\"name\"])[6]}","trace":"org.openqa.selenium.NoSuchElementException: no such element: Unable to locate element: {\"method\":\"xpath\",\"selector\":\"(//a[@class=\"name\"])[6]\"}\n  (Session info: chrome=94.0.4606.81)\nFor documentation on this error, please visit: https://www.seleniumhq.org/exceptions/no_such_element.html\nBuild info: version: '3.141.59', revision: 'e82be7d358', time: '2018-11-14T08:17:03'\nSystem info: host: 'CHL127878', ip: '192.168.1.7', os.name: 'Windows 10', os.arch: 'amd64', os.version: '10.0', java.version: '11.0.12'\nDriver info: org.openqa.selenium.remote.RemoteWebDriver\nCapabilities {acceptInsecureCerts: false, browserName: chrome, browserVersion: 94.0.4606.81, chrome: {chromedriverVersion: 93.0.4577.15 (660fc11082ba5..., userDataDir: C:\\Users\\ltuser\\AppData\\Loc...}, goog:chromeOptions: {debuggerAddress: localhost:53639}, javascriptEnabled: true, networkConnectionEnabled: false, pageLoadStrategy: normal, platform: WINDOWS, platformName: WINDOWS, proxy: Proxy(), setWindowRect: true, strictFileInteractability: false, timeouts: {implicit: 0, pageLoad: 300000, script: 30000}, unhandledPromptBehavior: dismiss and notify, webauthn:extension:credBlob: true, webauthn:extension:largeBlob: true, webauthn:virtualAuthenticators: true, webdriver.remote.sessionid: 10b7ad5bdfeddaf363b14214b7d...}\nSession ID: 10b7ad5bdfeddaf363b14214b7d9e653\n*** Element info: {Using=xpath, value=(//a[@class=\"name\"])[6]}\r\n\tat jdk.internal.reflect.GeneratedConstructorAccessor75.newInstance(Unknown Source)\r\n\tat java.base/jdk.internal.reflect.DelegatingConstructorAccessorImpl.newInstance(DelegatingConstructorAccessorImpl.java:45)\r\n\tat java.base/java.lang.reflect.Constructor.newInstance(Constructor.java:490)\r\n\tat org.openqa.selenium.remote.http.W3CHttpResponseCodec.createException(W3CHttpResponseCodec.java:187)\r\n\tat org.openqa.selenium.remote.http.W3CHttpResponseCodec.decode(W3CHttpResponseCodec.java:122)\r\n\tat org.openqa.selenium.remote.http.W3CHttpResponseCodec.decode(W3CHttpResponseCodec.java:49)\r\n\tat org.openqa.selenium.remote.HttpCommandExecutor.execute(HttpCommandExecutor.java:158)\r\n\tat org.openqa.selenium.remote.RemoteWebDriver.execute(RemoteWebDriver.java:552)\r\n\tat org.openqa.selenium.remote.RemoteWebDriver.findElement(RemoteWebDriver.java:323)\r\n\tat org.openqa.selenium.remote.RemoteWebDriver.findElementByXPath(RemoteWebDriver.java:428)\r\n\tat testng_framework.WebDriverHelper.getElement(WebDriverHelper.java:156)\r\n\tat testng_framework.WebDriverHelper.getElement(WebDriverHelper.java:172)\r\n\tat testng_framework.WebDriverHelper.clickOnElement(WebDriverHelper.java:249)\r\n\tat generated_tests.New_Checkout_Step_One_Peru___Desktop.ECOMRegisteredValidate_that_the_banner_for_ecom_is_displayedCTwoOneFourFive(New_Checkout_Step_One_Peru___Desktop.java:461)\r\n\tat StepDef.New_Checkout_Step_One_Peru___Desktop_StepDef.New_Checkout_Step_One_Peru___DesktopECOMRegisteredValidate_that_the_banner_for_ecom_is_displayedCTwoOneFourFiveStep(New_Checkout_Step_One_Peru___Desktop_StepDef.java:47)\r\n\tat ✽.New Checkout Step One Peru   Desktop : ECOMRegisteredValidate that the banner for ecom is displayedCTwoOneFourFive(file:///C:/Users/kirubanithi_r/Documents/EndtestTestNGMigrationLambdatest/src/main/java/features/New_Checkout_Step_One_Peru___Desktop.feature:34)\r\n"},"stage":"finished","steps":[{"name":"Given  New Checkout Step One Peru   Desktop : ECOMRegisteredValidate that the banner for ecom is displayedCTwoOneFourFive","status":"broken","statusDetails":{"known":false,"muted":false,"flaky":false,"message":"no such element: Unable to locate element: {\"method\":\"xpath\",\"selector\":\"(//a[@class=\"name\"])[6]\"}\n  (Session info: chrome=94.0.4606.81)\nFor documentation on this error, please visit: https://www.seleniumhq.org/exceptions/no_such_element.html\nBuild info: version: '3.141.59', revision: 'e82be7d358', time: '2018-11-14T08:17:03'\nSystem info: host: 'CHL127878', ip: '192.168.1.7', os.name: 'Windows 10', os.arch: 'amd64', os.version: '10.0', java.version: '11.0.12'\nDriver info: org.openqa.selenium.remote.RemoteWebDriver\nCapabilities {acceptInsecureCerts: false, browserName: chrome, browserVersion: 94.0.4606.81, chrome: {chromedriverVersion: 93.0.4577.15 (660fc11082ba5..., userDataDir: C:\\Users\\ltuser\\AppData\\Loc...}, goog:chromeOptions: {debuggerAddress: localhost:53639}, javascriptEnabled: true, networkConnectionEnabled: false, pageLoadStrategy: normal, platform: WINDOWS, platformName: WINDOWS, proxy: Proxy(), setWindowRect: true, strictFileInteractability: false, timeouts: {implicit: 0, pageLoad: 300000, script: 30000}, unhandledPromptBehavior: dismiss and notify, webauthn:extension:credBlob: true, webauthn:extension:largeBlob: true, webauthn:virtualAuthenticators: true, webdriver.remote.sessionid: 10b7ad5bdfeddaf363b14214b7d...}\nSession ID: 10b7ad5bdfeddaf363b14214b7d9e653\n*** Element info: {Using=xpath, value=(//a[@class=\"name\"])[6]}","trace":"org.openqa.selenium.NoSuchElementException: no such element: Unable to locate element: {\"method\":\"xpath\",\"selector\":\"(//a[@class=\"name\"])[6]\"}\n  (Session info: chrome=94.0.4606.81)\nFor documentation on this error, please visit: https://www.seleniumhq.org/exceptions/no_such_element.html\nBuild info: version: '3.141.59', revision: 'e82be7d358', time: '2018-11-14T08:17:03'\nSystem info: host: 'CHL127878', ip: '192.168.1.7', os.name: 'Windows 10', os.arch: 'amd64', os.version: '10.0', java.version: '11.0.12'\nDriver info: org.openqa.selenium.remote.RemoteWebDriver\nCapabilities {acceptInsecureCerts: false, browserName: chrome, browserVersion: 94.0.4606.81, chrome: {chromedriverVersion: 93.0.4577.15 (660fc11082ba5..., userDataDir: C:\\Users\\ltuser\\AppData\\Loc...}, goog:chromeOptions: {debuggerAddress: localhost:53639}, javascriptEnabled: true, networkConnectionEnabled: false, pageLoadStrategy: normal, platform: WINDOWS, platformName: WINDOWS, proxy: Proxy(), setWindowRect: true, strictFileInteractability: false, timeouts: {implicit: 0, pageLoad: 300000, script: 30000}, unhandledPromptBehavior: dismiss and notify, webauthn:extension:credBlob: true, webauthn:extension:largeBlob: true, webauthn:virtualAuthenticators: true, webdriver.remote.sessionid: 10b7ad5bdfeddaf363b14214b7d...}\nSession ID: 10b7ad5bdfeddaf363b14214b7d9e653\n*** Element info: {Using=xpath, value=(//a[@class=\"name\"])[6]}\r\n\tat jdk.internal.reflect.GeneratedConstructorAccessor75.newInstance(Unknown Source)\r\n\tat java.base/jdk.internal.reflect.DelegatingConstructorAccessorImpl.newInstance(DelegatingConstructorAccessorImpl.java:45)\r\n\tat java.base/java.lang.reflect.Constructor.newInstance(Constructor.java:490)\r\n\tat org.openqa.selenium.remote.http.W3CHttpResponseCodec.createException(W3CHttpResponseCodec.java:187)\r\n\tat org.openqa.selenium.remote.http.W3CHttpResponseCodec.decode(W3CHttpResponseCodec.java:122)\r\n\tat org.openqa.selenium.remote.http.W3CHttpResponseCodec.decode(W3CHttpResponseCodec.java:49)\r\n\tat org.openqa.selenium.remote.HttpCommandExecutor.execute(HttpCommandExecutor.java:158)\r\n\tat org.openqa.selenium.remote.RemoteWebDriver.execute(RemoteWebDriver.java:552)\r\n\tat org.openqa.selenium.remote.RemoteWebDriver.findElement(RemoteWebDriver.java:323)\r\n\tat org.openqa.selenium.remote.RemoteWebDriver.findElementByXPath(RemoteWebDriver.java:428)\r\n\tat testng_framework.WebDriverHelper.getElement(WebDriverHelper.java:156)\r\n\tat testng_framework.WebDriverHelper.getElement(WebDriverHelper.java:172)\r\n\tat testng_framework.WebDriverHelper.clickOnElement(WebDriverHelper.java:249)\r\n\tat generated_tests.New_Checkout_Step_One_Peru___Desktop.ECOMRegisteredValidate_that_the_banner_for_ecom_is_displayedCTwoOneFourFive(New_Checkout_Step_One_Peru___Desktop.java:461)\r\n\tat StepDef.New_Checkout_Step_One_Peru___Desktop_StepDef.New_Checkout_Step_One_Peru___DesktopECOMRegisteredValidate_that_the_banner_for_ecom_is_displayedCTwoOneFourFiveStep(New_Checkout_Step_One_Peru___Desktop_StepDef.java:47)\r\n\tat ✽.New Checkout Step One Peru   Desktop : ECOMRegisteredValidate that the banner for ecom is displayedCTwoOneFourFive(file:///C:/Users/kirubanithi_r/Documents/EndtestTestNGMigrationLambdatest/src/main/java/features/New_Checkout_Step_One_Peru___Desktop.feature:34)\r\n"},"stage":"finished","steps":[],"attachments":[],"parameters":[],"start":1641549943406,"stop":1641550119148}],"attachments":[],"parameters":[],"start":1641549934875,"stop":1641550122108,"uuid":"197dafdd-fb5d-4f2b-a7f4-a95cdce07886","historyId":"b1625eb0046e33705bb2dd789c33166b","fullName":"New Checkout Step One Peru   Desktop: New Checkout Step One Peru   Desktop : ECOMRegisteredValidate that the banner for ecom is displayedCTwoOneFourFive","labels":[{"name":"tag","value":"New_Checkout_Step_One_Peru___Desktop"},{"name":"tag","value":"New_Checkout_Step_One_Peru___Desktop_8"},{"name":"host","value":"CHL127878"},{"name":"thread","value":"18652@CHL127878.TestNG-PoolService-3(20)"},{"name":"feature","value":"New Checkout Step One Peru   Desktop"},{"name":"story","value":"New Checkout Step One Peru   Desktop : ECOMRegisteredValidate that the banner for ecom is displayedCTwoOneFourFive"},{"name":"suite","value":"New Checkout Step One Peru   Desktop"},{"name":"testClass","value":"New Checkout Step One Peru   Desktop : ECOMRegisteredValidate that the banner for ecom is displayedCTwoOneFourFive"},{"name":"framework","value":"cucumber4jvm"},{"name":"language","value":"java"},{"name":"gherkin_uri","value":"file:///C:/Users/kirubanithi_r/Documents/EndtestTestNGMigrationLambdatest/src/main/java/features/New_Checkout_Step_One_Peru___Desktop.feature"},{"name":"package","value":"src.main.java.features.New_Checkout_Step_One_Peru___Desktop_feature.New Checkout Step One Peru   Desktop"}],"links":[]}