{"name":"Regression Peru MTO : PurchaseInVirtualStoreGuestUserCreditCardCTwoSixSixTwoCTwoSixSixSixCTwoSixSevenOneCTwoSixSevenSevenCTwoSixEightOne","status":"broken","statusDetails":{"known":false,"muted":false,"flaky":false,"message":"no such element: Unable to locate element: {\"method\":\"css selector\",\"selector\":\"#product_productName_200092360\"}\n  (Session info: chrome=94.0.4606.81)\nFor documentation on this error, please visit: https://www.seleniumhq.org/exceptions/no_such_element.html\nBuild info: version: '3.141.59', revision: 'e82be7d358', time: '2018-11-14T08:17:03'\nSystem info: host: 'CHL127878', ip: '192.168.1.7', os.name: 'Windows 10', os.arch: 'amd64', os.version: '10.0', java.version: '11.0.12'\nDriver info: org.openqa.selenium.remote.RemoteWebDriver\nCapabilities {acceptInsecureCerts: false, browserName: chrome, browserVersion: 94.0.4606.81, chrome: {chromedriverVersion: 93.0.4577.15 (660fc11082ba5..., userDataDir: C:\\Users\\ltuser\\AppData\\Loc...}, goog:chromeOptions: {debuggerAddress: localhost:56937}, javascriptEnabled: true, networkConnectionEnabled: false, pageLoadStrategy: normal, platform: WINDOWS, platformName: WINDOWS, proxy: Proxy(), setWindowRect: true, strictFileInteractability: false, timeouts: {implicit: 0, pageLoad: 300000, script: 30000}, unhandledPromptBehavior: dismiss and notify, webauthn:extension:credBlob: true, webauthn:extension:largeBlob: true, webauthn:virtualAuthenticators: true, webdriver.remote.sessionid: e31c2101ae08fb9eeb65971caa9...}\nSession ID: e31c2101ae08fb9eeb65971caa9c26c5\n*** Element info: {Using=id, value=product_productName_200092360}","trace":"org.openqa.selenium.NoSuchElementException: no such element: Unable to locate element: {\"method\":\"css selector\",\"selector\":\"#product_productName_200092360\"}\n  (Session info: chrome=94.0.4606.81)\nFor documentation on this error, please visit: https://www.seleniumhq.org/exceptions/no_such_element.html\nBuild info: version: '3.141.59', revision: 'e82be7d358', time: '2018-11-14T08:17:03'\nSystem info: host: 'CHL127878', ip: '192.168.1.7', os.name: 'Windows 10', os.arch: 'amd64', os.version: '10.0', java.version: '11.0.12'\nDriver info: org.openqa.selenium.remote.RemoteWebDriver\nCapabilities {acceptInsecureCerts: false, browserName: chrome, browserVersion: 94.0.4606.81, chrome: {chromedriverVersion: 93.0.4577.15 (660fc11082ba5..., userDataDir: C:\\Users\\ltuser\\AppData\\Loc...}, goog:chromeOptions: {debuggerAddress: localhost:56937}, javascriptEnabled: true, networkConnectionEnabled: false, pageLoadStrategy: normal, platform: WINDOWS, platformName: WINDOWS, proxy: Proxy(), setWindowRect: true, strictFileInteractability: false, timeouts: {implicit: 0, pageLoad: 300000, script: 30000}, unhandledPromptBehavior: dismiss and notify, webauthn:extension:credBlob: true, webauthn:extension:largeBlob: true, webauthn:virtualAuthenticators: true, webdriver.remote.sessionid: e31c2101ae08fb9eeb65971caa9...}\nSession ID: e31c2101ae08fb9eeb65971caa9c26c5\n*** Element info: {Using=id, value=product_productName_200092360}\r\n\tat jdk.internal.reflect.GeneratedConstructorAccessor75.newInstance(Unknown Source)\r\n\tat java.base/jdk.internal.reflect.DelegatingConstructorAccessorImpl.newInstance(DelegatingConstructorAccessorImpl.java:45)\r\n\tat java.base/java.lang.reflect.Constructor.newInstance(Constructor.java:490)\r\n\tat org.openqa.selenium.remote.http.W3CHttpResponseCodec.createException(W3CHttpResponseCodec.java:187)\r\n\tat org.openqa.selenium.remote.http.W3CHttpResponseCodec.decode(W3CHttpResponseCodec.java:122)\r\n\tat org.openqa.selenium.remote.http.W3CHttpResponseCodec.decode(W3CHttpResponseCodec.java:49)\r\n\tat org.openqa.selenium.remote.HttpCommandExecutor.execute(HttpCommandExecutor.java:158)\r\n\tat org.openqa.selenium.remote.RemoteWebDriver.execute(RemoteWebDriver.java:552)\r\n\tat org.openqa.selenium.remote.RemoteWebDriver.findElement(RemoteWebDriver.java:323)\r\n\tat org.openqa.selenium.remote.RemoteWebDriver.findElementById(RemoteWebDriver.java:372)\r\n\tat testng_framework.WebDriverHelper.getElement(WebDriverHelper.java:150)\r\n\tat testng_framework.WebDriverHelper.getElement(WebDriverHelper.java:172)\r\n\tat testng_framework.WebDriverHelper.clickOnElement(WebDriverHelper.java:249)\r\n\tat generated_tests.Regression_Peru_MTO.PurchaseInVirtualStoreGuestUserCreditCardCTwoSixSixTwoCTwoSixSixSixCTwoSixSevenOneCTwoSixSevenSevenCTwoSixEightOne(Regression_Peru_MTO.java:3120)\r\n\tat StepDef.Regression_Peru_MTO_StepDef.Regression_Peru_MTOPurchaseInVirtualStoreGuestUserCreditCardCTwoSixSixTwoCTwoSixSixSixCTwoSixSevenOneCTwoSixSevenSevenCTwoSixEightOneStep(Regression_Peru_MTO_StepDef.java:152)\r\n\tat ✽.Regression Peru MTO : PurchaseInVirtualStoreGuestUserCreditCardCTwoSixSixTwoCTwoSixSixSixCTwoSixSevenOneCTwoSixSevenSevenCTwoSixEightOne(file:///C:/Users/kirubanithi_r/Documents/EndtestTestNGMigrationLambdatest/src/main/java/features/Regression_Peru_MTO.feature:118)\r\n"},"stage":"finished","steps":[{"name":"Given  Regression Peru MTO : PurchaseInVirtualStoreGuestUserCreditCardCTwoSixSixTwoCTwoSixSixSixCTwoSixSevenOneCTwoSixSevenSevenCTwoSixEightOne","status":"broken","statusDetails":{"known":false,"muted":false,"flaky":false,"message":"no such element: Unable to locate element: {\"method\":\"css selector\",\"selector\":\"#product_productName_200092360\"}\n  (Session info: chrome=94.0.4606.81)\nFor documentation on this error, please visit: https://www.seleniumhq.org/exceptions/no_such_element.html\nBuild info: version: '3.141.59', revision: 'e82be7d358', time: '2018-11-14T08:17:03'\nSystem info: host: 'CHL127878', ip: '192.168.1.7', os.name: 'Windows 10', os.arch: 'amd64', os.version: '10.0', java.version: '11.0.12'\nDriver info: org.openqa.selenium.remote.RemoteWebDriver\nCapabilities {acceptInsecureCerts: false, browserName: chrome, browserVersion: 94.0.4606.81, chrome: {chromedriverVersion: 93.0.4577.15 (660fc11082ba5..., userDataDir: C:\\Users\\ltuser\\AppData\\Loc...}, goog:chromeOptions: {debuggerAddress: localhost:56937}, javascriptEnabled: true, networkConnectionEnabled: false, pageLoadStrategy: normal, platform: WINDOWS, platformName: WINDOWS, proxy: Proxy(), setWindowRect: true, strictFileInteractability: false, timeouts: {implicit: 0, pageLoad: 300000, script: 30000}, unhandledPromptBehavior: dismiss and notify, webauthn:extension:credBlob: true, webauthn:extension:largeBlob: true, webauthn:virtualAuthenticators: true, webdriver.remote.sessionid: e31c2101ae08fb9eeb65971caa9...}\nSession ID: e31c2101ae08fb9eeb65971caa9c26c5\n*** Element info: {Using=id, value=product_productName_200092360}","trace":"org.openqa.selenium.NoSuchElementException: no such element: Unable to locate element: {\"method\":\"css selector\",\"selector\":\"#product_productName_200092360\"}\n  (Session info: chrome=94.0.4606.81)\nFor documentation on this error, please visit: https://www.seleniumhq.org/exceptions/no_such_element.html\nBuild info: version: '3.141.59', revision: 'e82be7d358', time: '2018-11-14T08:17:03'\nSystem info: host: 'CHL127878', ip: '192.168.1.7', os.name: 'Windows 10', os.arch: 'amd64', os.version: '10.0', java.version: '11.0.12'\nDriver info: org.openqa.selenium.remote.RemoteWebDriver\nCapabilities {acceptInsecureCerts: false, browserName: chrome, browserVersion: 94.0.4606.81, chrome: {chromedriverVersion: 93.0.4577.15 (660fc11082ba5..., userDataDir: C:\\Users\\ltuser\\AppData\\Loc...}, goog:chromeOptions: {debuggerAddress: localhost:56937}, javascriptEnabled: true, networkConnectionEnabled: false, pageLoadStrategy: normal, platform: WINDOWS, platformName: WINDOWS, proxy: Proxy(), setWindowRect: true, strictFileInteractability: false, timeouts: {implicit: 0, pageLoad: 300000, script: 30000}, unhandledPromptBehavior: dismiss and notify, webauthn:extension:credBlob: true, webauthn:extension:largeBlob: true, webauthn:virtualAuthenticators: true, webdriver.remote.sessionid: e31c2101ae08fb9eeb65971caa9...}\nSession ID: e31c2101ae08fb9eeb65971caa9c26c5\n*** Element info: {Using=id, value=product_productName_200092360}\r\n\tat jdk.internal.reflect.GeneratedConstructorAccessor75.newInstance(Unknown Source)\r\n\tat java.base/jdk.internal.reflect.DelegatingConstructorAccessorImpl.newInstance(DelegatingConstructorAccessorImpl.java:45)\r\n\tat java.base/java.lang.reflect.Constructor.newInstance(Constructor.java:490)\r\n\tat org.openqa.selenium.remote.http.W3CHttpResponseCodec.createException(W3CHttpResponseCodec.java:187)\r\n\tat org.openqa.selenium.remote.http.W3CHttpResponseCodec.decode(W3CHttpResponseCodec.java:122)\r\n\tat org.openqa.selenium.remote.http.W3CHttpResponseCodec.decode(W3CHttpResponseCodec.java:49)\r\n\tat org.openqa.selenium.remote.HttpCommandExecutor.execute(HttpCommandExecutor.java:158)\r\n\tat org.openqa.selenium.remote.RemoteWebDriver.execute(RemoteWebDriver.java:552)\r\n\tat org.openqa.selenium.remote.RemoteWebDriver.findElement(RemoteWebDriver.java:323)\r\n\tat org.openqa.selenium.remote.RemoteWebDriver.findElementById(RemoteWebDriver.java:372)\r\n\tat testng_framework.WebDriverHelper.getElement(WebDriverHelper.java:150)\r\n\tat testng_framework.WebDriverHelper.getElement(WebDriverHelper.java:172)\r\n\tat testng_framework.WebDriverHelper.clickOnElement(WebDriverHelper.java:249)\r\n\tat generated_tests.Regression_Peru_MTO.PurchaseInVirtualStoreGuestUserCreditCardCTwoSixSixTwoCTwoSixSixSixCTwoSixSevenOneCTwoSixSevenSevenCTwoSixEightOne(Regression_Peru_MTO.java:3120)\r\n\tat StepDef.Regression_Peru_MTO_StepDef.Regression_Peru_MTOPurchaseInVirtualStoreGuestUserCreditCardCTwoSixSixTwoCTwoSixSixSixCTwoSixSevenOneCTwoSixSevenSevenCTwoSixEightOneStep(Regression_Peru_MTO_StepDef.java:152)\r\n\tat ✽.Regression Peru MTO : PurchaseInVirtualStoreGuestUserCreditCardCTwoSixSixTwoCTwoSixSixSixCTwoSixSevenOneCTwoSixSevenSevenCTwoSixEightOne(file:///C:/Users/kirubanithi_r/Documents/EndtestTestNGMigrationLambdatest/src/main/java/features/Regression_Peru_MTO.feature:118)\r\n"},"stage":"finished","steps":[],"attachments":[],"parameters":[],"start":1641551904611,"stop":1641552055003}],"attachments":[],"parameters":[],"start":1641551896696,"stop":1641552057871,"uuid":"234b4860-0a38-4b37-a47f-f037137c2a74","historyId":"4a4c69b7bdea7bf70e0f1d9087407da6","fullName":"Regression Peru MTO: Regression Peru MTO : PurchaseInVirtualStoreGuestUserCreditCardCTwoSixSixTwoCTwoSixSixSixCTwoSixSevenOneCTwoSixSevenSevenCTwoSixEightOne","labels":[{"name":"tag","value":"Regression_Peru_MTO"},{"name":"tag","value":"Regression_Peru_MTO_29"},{"name":"host","value":"CHL127878"},{"name":"thread","value":"18652@CHL127878.TestNG-PoolService-6(23)"},{"name":"feature","value":"Regression Peru MTO"},{"name":"story","value":"Regression Peru MTO : PurchaseInVirtualStoreGuestUserCreditCardCTwoSixSixTwoCTwoSixSixSixCTwoSixSevenOneCTwoSixSevenSevenCTwoSixEightOne"},{"name":"suite","value":"Regression Peru MTO"},{"name":"testClass","value":"Regression Peru MTO : PurchaseInVirtualStoreGuestUserCreditCardCTwoSixSixTwoCTwoSixSixSixCTwoSixSevenOneCTwoSixSevenSevenCTwoSixEightOne"},{"name":"framework","value":"cucumber4jvm"},{"name":"language","value":"java"},{"name":"gherkin_uri","value":"file:///C:/Users/kirubanithi_r/Documents/EndtestTestNGMigrationLambdatest/src/main/java/features/Regression_Peru_MTO.feature"},{"name":"package","value":"src.main.java.features.Regression_Peru_MTO_feature.Regression Peru MTO"}],"links":[]}