{"name":"New Checkout Step One Chile   Desktop : Verify that the checkbox is optional to continue to step TwoCTwoOneSevenSeven","status":"broken","statusDetails":{"known":false,"muted":false,"flaky":false,"message":"no such element: Unable to locate element: {\"method\":\"xpath\",\"selector\":\"(//a[@class=\"name\"])[1]\"}\n  (Session info: chrome=94.0.4606.81)\nFor documentation on this error, please visit: https://www.seleniumhq.org/exceptions/no_such_element.html\nBuild info: version: '3.141.59', revision: 'e82be7d358', time: '2018-11-14T08:17:03'\nSystem info: host: 'CHL127878', ip: '192.168.1.7', os.name: 'Windows 10', os.arch: 'amd64', os.version: '10.0', java.version: '11.0.12'\nDriver info: org.openqa.selenium.remote.RemoteWebDriver\nCapabilities {acceptInsecureCerts: false, browserName: chrome, browserVersion: 94.0.4606.81, chrome: {chromedriverVersion: 93.0.4577.15 (660fc11082ba5..., userDataDir: C:\\Users\\ltuser\\AppData\\Loc...}, goog:chromeOptions: {debuggerAddress: localhost:59327}, javascriptEnabled: true, networkConnectionEnabled: false, pageLoadStrategy: normal, platform: WINDOWS, platformName: WINDOWS, proxy: Proxy(), setWindowRect: true, strictFileInteractability: false, timeouts: {implicit: 0, pageLoad: 300000, script: 30000}, unhandledPromptBehavior: dismiss and notify, webauthn:extension:credBlob: true, webauthn:extension:largeBlob: true, webauthn:virtualAuthenticators: true, webdriver.remote.sessionid: cc03da0a0db0312914cf76b2fc6...}\nSession ID: cc03da0a0db0312914cf76b2fc62a515\n*** Element info: {Using=xpath, value=(//a[@class=\"name\"])[1]}","trace":"org.openqa.selenium.NoSuchElementException: no such element: Unable to locate element: {\"method\":\"xpath\",\"selector\":\"(//a[@class=\"name\"])[1]\"}\n  (Session info: chrome=94.0.4606.81)\nFor documentation on this error, please visit: https://www.seleniumhq.org/exceptions/no_such_element.html\nBuild info: version: '3.141.59', revision: 'e82be7d358', time: '2018-11-14T08:17:03'\nSystem info: host: 'CHL127878', ip: '192.168.1.7', os.name: 'Windows 10', os.arch: 'amd64', os.version: '10.0', java.version: '11.0.12'\nDriver info: org.openqa.selenium.remote.RemoteWebDriver\nCapabilities {acceptInsecureCerts: false, browserName: chrome, browserVersion: 94.0.4606.81, chrome: {chromedriverVersion: 93.0.4577.15 (660fc11082ba5..., userDataDir: C:\\Users\\ltuser\\AppData\\Loc...}, goog:chromeOptions: {debuggerAddress: localhost:59327}, javascriptEnabled: true, networkConnectionEnabled: false, pageLoadStrategy: normal, platform: WINDOWS, platformName: WINDOWS, proxy: Proxy(), setWindowRect: true, strictFileInteractability: false, timeouts: {implicit: 0, pageLoad: 300000, script: 30000}, unhandledPromptBehavior: dismiss and notify, webauthn:extension:credBlob: true, webauthn:extension:largeBlob: true, webauthn:virtualAuthenticators: true, webdriver.remote.sessionid: cc03da0a0db0312914cf76b2fc6...}\nSession ID: cc03da0a0db0312914cf76b2fc62a515\n*** Element info: {Using=xpath, value=(//a[@class=\"name\"])[1]}\r\n\tat jdk.internal.reflect.GeneratedConstructorAccessor75.newInstance(Unknown Source)\r\n\tat java.base/jdk.internal.reflect.DelegatingConstructorAccessorImpl.newInstance(DelegatingConstructorAccessorImpl.java:45)\r\n\tat java.base/java.lang.reflect.Constructor.newInstance(Constructor.java:490)\r\n\tat org.openqa.selenium.remote.http.W3CHttpResponseCodec.createException(W3CHttpResponseCodec.java:187)\r\n\tat org.openqa.selenium.remote.http.W3CHttpResponseCodec.decode(W3CHttpResponseCodec.java:122)\r\n\tat org.openqa.selenium.remote.http.W3CHttpResponseCodec.decode(W3CHttpResponseCodec.java:49)\r\n\tat org.openqa.selenium.remote.HttpCommandExecutor.execute(HttpCommandExecutor.java:158)\r\n\tat org.openqa.selenium.remote.RemoteWebDriver.execute(RemoteWebDriver.java:552)\r\n\tat org.openqa.selenium.remote.RemoteWebDriver.findElement(RemoteWebDriver.java:323)\r\n\tat org.openqa.selenium.remote.RemoteWebDriver.findElementByXPath(RemoteWebDriver.java:428)\r\n\tat testng_framework.WebDriverHelper.getElement(WebDriverHelper.java:156)\r\n\tat testng_framework.WebDriverHelper.getElement(WebDriverHelper.java:172)\r\n\tat testng_framework.WebDriverHelper.clickOnElement(WebDriverHelper.java:249)\r\n\tat generated_tests.New_Checkout_Step_One_Chile___Desktop.Verify_that_the_checkbox_is_optional_to_continue_to_step_TwoCTwoOneSevenSeven(New_Checkout_Step_One_Chile___Desktop.java:299)\r\n\tat StepDef.New_Checkout_Step_One_Chile___Desktop_StepDef.New_Checkout_Step_One_Chile___DesktopVerify_that_the_checkbox_is_optional_to_continue_to_step_TwoCTwoOneSevenSevenStep(New_Checkout_Step_One_Chile___Desktop_StepDef.java:27)\r\n\tat ✽.New Checkout Step One Chile   Desktop : Verify that the checkbox is optional to continue to step TwoCTwoOneSevenSeven(file:///C:/Users/kirubanithi_r/Documents/EndtestTestNGMigrationLambdatest/src/main/java/features/New_Checkout_Step_One_Chile___Desktop.feature:18)\r\n"},"stage":"finished","steps":[{"name":"Given  New Checkout Step One Chile   Desktop : Verify that the checkbox is optional to continue to step TwoCTwoOneSevenSeven","status":"broken","statusDetails":{"known":false,"muted":false,"flaky":false,"message":"no such element: Unable to locate element: {\"method\":\"xpath\",\"selector\":\"(//a[@class=\"name\"])[1]\"}\n  (Session info: chrome=94.0.4606.81)\nFor documentation on this error, please visit: https://www.seleniumhq.org/exceptions/no_such_element.html\nBuild info: version: '3.141.59', revision: 'e82be7d358', time: '2018-11-14T08:17:03'\nSystem info: host: 'CHL127878', ip: '192.168.1.7', os.name: 'Windows 10', os.arch: 'amd64', os.version: '10.0', java.version: '11.0.12'\nDriver info: org.openqa.selenium.remote.RemoteWebDriver\nCapabilities {acceptInsecureCerts: false, browserName: chrome, browserVersion: 94.0.4606.81, chrome: {chromedriverVersion: 93.0.4577.15 (660fc11082ba5..., userDataDir: C:\\Users\\ltuser\\AppData\\Loc...}, goog:chromeOptions: {debuggerAddress: localhost:59327}, javascriptEnabled: true, networkConnectionEnabled: false, pageLoadStrategy: normal, platform: WINDOWS, platformName: WINDOWS, proxy: Proxy(), setWindowRect: true, strictFileInteractability: false, timeouts: {implicit: 0, pageLoad: 300000, script: 30000}, unhandledPromptBehavior: dismiss and notify, webauthn:extension:credBlob: true, webauthn:extension:largeBlob: true, webauthn:virtualAuthenticators: true, webdriver.remote.sessionid: cc03da0a0db0312914cf76b2fc6...}\nSession ID: cc03da0a0db0312914cf76b2fc62a515\n*** Element info: {Using=xpath, value=(//a[@class=\"name\"])[1]}","trace":"org.openqa.selenium.NoSuchElementException: no such element: Unable to locate element: {\"method\":\"xpath\",\"selector\":\"(//a[@class=\"name\"])[1]\"}\n  (Session info: chrome=94.0.4606.81)\nFor documentation on this error, please visit: https://www.seleniumhq.org/exceptions/no_such_element.html\nBuild info: version: '3.141.59', revision: 'e82be7d358', time: '2018-11-14T08:17:03'\nSystem info: host: 'CHL127878', ip: '192.168.1.7', os.name: 'Windows 10', os.arch: 'amd64', os.version: '10.0', java.version: '11.0.12'\nDriver info: org.openqa.selenium.remote.RemoteWebDriver\nCapabilities {acceptInsecureCerts: false, browserName: chrome, browserVersion: 94.0.4606.81, chrome: {chromedriverVersion: 93.0.4577.15 (660fc11082ba5..., userDataDir: C:\\Users\\ltuser\\AppData\\Loc...}, goog:chromeOptions: {debuggerAddress: localhost:59327}, javascriptEnabled: true, networkConnectionEnabled: false, pageLoadStrategy: normal, platform: WINDOWS, platformName: WINDOWS, proxy: Proxy(), setWindowRect: true, strictFileInteractability: false, timeouts: {implicit: 0, pageLoad: 300000, script: 30000}, unhandledPromptBehavior: dismiss and notify, webauthn:extension:credBlob: true, webauthn:extension:largeBlob: true, webauthn:virtualAuthenticators: true, webdriver.remote.sessionid: cc03da0a0db0312914cf76b2fc6...}\nSession ID: cc03da0a0db0312914cf76b2fc62a515\n*** Element info: {Using=xpath, value=(//a[@class=\"name\"])[1]}\r\n\tat jdk.internal.reflect.GeneratedConstructorAccessor75.newInstance(Unknown Source)\r\n\tat java.base/jdk.internal.reflect.DelegatingConstructorAccessorImpl.newInstance(DelegatingConstructorAccessorImpl.java:45)\r\n\tat java.base/java.lang.reflect.Constructor.newInstance(Constructor.java:490)\r\n\tat org.openqa.selenium.remote.http.W3CHttpResponseCodec.createException(W3CHttpResponseCodec.java:187)\r\n\tat org.openqa.selenium.remote.http.W3CHttpResponseCodec.decode(W3CHttpResponseCodec.java:122)\r\n\tat org.openqa.selenium.remote.http.W3CHttpResponseCodec.decode(W3CHttpResponseCodec.java:49)\r\n\tat org.openqa.selenium.remote.HttpCommandExecutor.execute(HttpCommandExecutor.java:158)\r\n\tat org.openqa.selenium.remote.RemoteWebDriver.execute(RemoteWebDriver.java:552)\r\n\tat org.openqa.selenium.remote.RemoteWebDriver.findElement(RemoteWebDriver.java:323)\r\n\tat org.openqa.selenium.remote.RemoteWebDriver.findElementByXPath(RemoteWebDriver.java:428)\r\n\tat testng_framework.WebDriverHelper.getElement(WebDriverHelper.java:156)\r\n\tat testng_framework.WebDriverHelper.getElement(WebDriverHelper.java:172)\r\n\tat testng_framework.WebDriverHelper.clickOnElement(WebDriverHelper.java:249)\r\n\tat generated_tests.New_Checkout_Step_One_Chile___Desktop.Verify_that_the_checkbox_is_optional_to_continue_to_step_TwoCTwoOneSevenSeven(New_Checkout_Step_One_Chile___Desktop.java:299)\r\n\tat StepDef.New_Checkout_Step_One_Chile___Desktop_StepDef.New_Checkout_Step_One_Chile___DesktopVerify_that_the_checkbox_is_optional_to_continue_to_step_TwoCTwoOneSevenSevenStep(New_Checkout_Step_One_Chile___Desktop_StepDef.java:27)\r\n\tat ✽.New Checkout Step One Chile   Desktop : Verify that the checkbox is optional to continue to step TwoCTwoOneSevenSeven(file:///C:/Users/kirubanithi_r/Documents/EndtestTestNGMigrationLambdatest/src/main/java/features/New_Checkout_Step_One_Chile___Desktop.feature:18)\r\n"},"stage":"finished","steps":[],"attachments":[],"parameters":[],"start":1641549739379,"stop":1641549984107}],"attachments":[],"parameters":[],"start":1641549729673,"stop":1641549987058,"uuid":"256f7ce7-4525-422a-8215-bd5859f720a9","historyId":"41b05735628ab7558ef92ea711522f0d","fullName":"New Checkout Step One Chile   Desktop: New Checkout Step One Chile   Desktop : Verify that the checkbox is optional to continue to step TwoCTwoOneSevenSeven","labels":[{"name":"tag","value":"New_Checkout_Step_One_Chile___Desktop"},{"name":"tag","value":"New_Checkout_Step_One_Chile___Desktop_4"},{"name":"host","value":"CHL127878"},{"name":"thread","value":"18652@CHL127878.TestNG-PoolService-5(22)"},{"name":"feature","value":"New Checkout Step One Chile   Desktop"},{"name":"story","value":"New Checkout Step One Chile   Desktop : Verify that the checkbox is optional to continue to step TwoCTwoOneSevenSeven"},{"name":"suite","value":"New Checkout Step One Chile   Desktop"},{"name":"testClass","value":"New Checkout Step One Chile   Desktop : Verify that the checkbox is optional to continue to step TwoCTwoOneSevenSeven"},{"name":"framework","value":"cucumber4jvm"},{"name":"language","value":"java"},{"name":"gherkin_uri","value":"file:///C:/Users/kirubanithi_r/Documents/EndtestTestNGMigrationLambdatest/src/main/java/features/New_Checkout_Step_One_Chile___Desktop.feature"},{"name":"package","value":"src.main.java.features.New_Checkout_Step_One_Chile___Desktop_feature.New Checkout Step One Chile   Desktop"}],"links":[]}