{"name":"Regression Chile Ecquador Consolidated : EC  ETwoE create account  Tiered Discount  CCCOneEightzeroTwozeroFourCThreeSevenFourTwo","status":"broken","statusDetails":{"known":false,"muted":false,"flaky":false,"message":"no such element: Unable to locate element: {\"method\":\"xpath\",\"selector\":\"//div[@class=\"details\"]/a\"}\n  (Session info: chrome=94.0.4606.81)\nFor documentation on this error, please visit: https://www.seleniumhq.org/exceptions/no_such_element.html\nBuild info: version: '3.141.59', revision: 'e82be7d358', time: '2018-11-14T08:17:03'\nSystem info: host: 'CHL127878', ip: '192.168.1.7', os.name: 'Windows 10', os.arch: 'amd64', os.version: '10.0', java.version: '11.0.12'\nDriver info: org.openqa.selenium.remote.RemoteWebDriver\nCapabilities {acceptInsecureCerts: false, browserName: chrome, browserVersion: 94.0.4606.81, chrome: {chromedriverVersion: 93.0.4577.15 (660fc11082ba5..., userDataDir: C:\\Users\\ltuser\\AppData\\Loc...}, goog:chromeOptions: {debuggerAddress: localhost:60506}, javascriptEnabled: true, networkConnectionEnabled: false, pageLoadStrategy: normal, platform: WINDOWS, platformName: WINDOWS, proxy: Proxy(), setWindowRect: true, strictFileInteractability: false, timeouts: {implicit: 0, pageLoad: 300000, script: 30000}, unhandledPromptBehavior: dismiss and notify, webauthn:extension:credBlob: true, webauthn:extension:largeBlob: true, webauthn:virtualAuthenticators: true, webdriver.remote.sessionid: 52f689fef011450b128bcedd833...}\nSession ID: 52f689fef011450b128bcedd8333d04e\n*** Element info: {Using=xpath, value=//div[@class=\"details\"]/a}","trace":"org.openqa.selenium.NoSuchElementException: no such element: Unable to locate element: {\"method\":\"xpath\",\"selector\":\"//div[@class=\"details\"]/a\"}\n  (Session info: chrome=94.0.4606.81)\nFor documentation on this error, please visit: https://www.seleniumhq.org/exceptions/no_such_element.html\nBuild info: version: '3.141.59', revision: 'e82be7d358', time: '2018-11-14T08:17:03'\nSystem info: host: 'CHL127878', ip: '192.168.1.7', os.name: 'Windows 10', os.arch: 'amd64', os.version: '10.0', java.version: '11.0.12'\nDriver info: org.openqa.selenium.remote.RemoteWebDriver\nCapabilities {acceptInsecureCerts: false, browserName: chrome, browserVersion: 94.0.4606.81, chrome: {chromedriverVersion: 93.0.4577.15 (660fc11082ba5..., userDataDir: C:\\Users\\ltuser\\AppData\\Loc...}, goog:chromeOptions: {debuggerAddress: localhost:60506}, javascriptEnabled: true, networkConnectionEnabled: false, pageLoadStrategy: normal, platform: WINDOWS, platformName: WINDOWS, proxy: Proxy(), setWindowRect: true, strictFileInteractability: false, timeouts: {implicit: 0, pageLoad: 300000, script: 30000}, unhandledPromptBehavior: dismiss and notify, webauthn:extension:credBlob: true, webauthn:extension:largeBlob: true, webauthn:virtualAuthenticators: true, webdriver.remote.sessionid: 52f689fef011450b128bcedd833...}\nSession ID: 52f689fef011450b128bcedd8333d04e\n*** Element info: {Using=xpath, value=//div[@class=\"details\"]/a}\r\n\tat jdk.internal.reflect.GeneratedConstructorAccessor75.newInstance(Unknown Source)\r\n\tat java.base/jdk.internal.reflect.DelegatingConstructorAccessorImpl.newInstance(DelegatingConstructorAccessorImpl.java:45)\r\n\tat java.base/java.lang.reflect.Constructor.newInstance(Constructor.java:490)\r\n\tat org.openqa.selenium.remote.http.W3CHttpResponseCodec.createException(W3CHttpResponseCodec.java:187)\r\n\tat org.openqa.selenium.remote.http.W3CHttpResponseCodec.decode(W3CHttpResponseCodec.java:122)\r\n\tat org.openqa.selenium.remote.http.W3CHttpResponseCodec.decode(W3CHttpResponseCodec.java:49)\r\n\tat org.openqa.selenium.remote.HttpCommandExecutor.execute(HttpCommandExecutor.java:158)\r\n\tat org.openqa.selenium.remote.RemoteWebDriver.execute(RemoteWebDriver.java:552)\r\n\tat org.openqa.selenium.remote.RemoteWebDriver.findElement(RemoteWebDriver.java:323)\r\n\tat org.openqa.selenium.remote.RemoteWebDriver.findElementByXPath(RemoteWebDriver.java:428)\r\n\tat testng_framework.WebDriverHelper.getElement(WebDriverHelper.java:156)\r\n\tat testng_framework.WebDriverHelper.getElement(WebDriverHelper.java:172)\r\n\tat testng_framework.WebDriverHelper.clickOnElement(WebDriverHelper.java:249)\r\n\tat generated_tests.Regression_Chile_Ecquador_Consolidated.EC__ETwoE_create_account__Tiered_Discount__CCCOneEightzeroTwozeroFourCThreeSevenFourTwo(Regression_Chile_Ecquador_Consolidated.java:2714)\r\n\tat StepDef.Regression_Chile_Ecquador_Consolidated_StepDef.Regression_Chile_Ecquador_ConsolidatedEC__ETwoE_create_account__Tiered_Discount__CCCOneEightzeroTwozeroFourCThreeSevenFourTwoStep(Regression_Chile_Ecquador_Consolidated_StepDef.java:87)\r\n\tat ✽.Regression Chile Ecquador Consolidated : EC  ETwoE create account  Tiered Discount  CCCOneEightzeroTwozeroFourCThreeSevenFourTwo(file:///C:/Users/kirubanithi_r/Documents/EndtestTestNGMigrationLambdatest/src/main/java/features/Regression_Chile_Ecquador_Consolidated.feature:66)\r\n"},"stage":"finished","steps":[{"name":"Given  Regression Chile Ecquador Consolidated : EC  ETwoE create account  Tiered Discount  CCCOneEightzeroTwozeroFourCThreeSevenFourTwo","status":"broken","statusDetails":{"known":false,"muted":false,"flaky":false,"message":"no such element: Unable to locate element: {\"method\":\"xpath\",\"selector\":\"//div[@class=\"details\"]/a\"}\n  (Session info: chrome=94.0.4606.81)\nFor documentation on this error, please visit: https://www.seleniumhq.org/exceptions/no_such_element.html\nBuild info: version: '3.141.59', revision: 'e82be7d358', time: '2018-11-14T08:17:03'\nSystem info: host: 'CHL127878', ip: '192.168.1.7', os.name: 'Windows 10', os.arch: 'amd64', os.version: '10.0', java.version: '11.0.12'\nDriver info: org.openqa.selenium.remote.RemoteWebDriver\nCapabilities {acceptInsecureCerts: false, browserName: chrome, browserVersion: 94.0.4606.81, chrome: {chromedriverVersion: 93.0.4577.15 (660fc11082ba5..., userDataDir: C:\\Users\\ltuser\\AppData\\Loc...}, goog:chromeOptions: {debuggerAddress: localhost:60506}, javascriptEnabled: true, networkConnectionEnabled: false, pageLoadStrategy: normal, platform: WINDOWS, platformName: WINDOWS, proxy: Proxy(), setWindowRect: true, strictFileInteractability: false, timeouts: {implicit: 0, pageLoad: 300000, script: 30000}, unhandledPromptBehavior: dismiss and notify, webauthn:extension:credBlob: true, webauthn:extension:largeBlob: true, webauthn:virtualAuthenticators: true, webdriver.remote.sessionid: 52f689fef011450b128bcedd833...}\nSession ID: 52f689fef011450b128bcedd8333d04e\n*** Element info: {Using=xpath, value=//div[@class=\"details\"]/a}","trace":"org.openqa.selenium.NoSuchElementException: no such element: Unable to locate element: {\"method\":\"xpath\",\"selector\":\"//div[@class=\"details\"]/a\"}\n  (Session info: chrome=94.0.4606.81)\nFor documentation on this error, please visit: https://www.seleniumhq.org/exceptions/no_such_element.html\nBuild info: version: '3.141.59', revision: 'e82be7d358', time: '2018-11-14T08:17:03'\nSystem info: host: 'CHL127878', ip: '192.168.1.7', os.name: 'Windows 10', os.arch: 'amd64', os.version: '10.0', java.version: '11.0.12'\nDriver info: org.openqa.selenium.remote.RemoteWebDriver\nCapabilities {acceptInsecureCerts: false, browserName: chrome, browserVersion: 94.0.4606.81, chrome: {chromedriverVersion: 93.0.4577.15 (660fc11082ba5..., userDataDir: C:\\Users\\ltuser\\AppData\\Loc...}, goog:chromeOptions: {debuggerAddress: localhost:60506}, javascriptEnabled: true, networkConnectionEnabled: false, pageLoadStrategy: normal, platform: WINDOWS, platformName: WINDOWS, proxy: Proxy(), setWindowRect: true, strictFileInteractability: false, timeouts: {implicit: 0, pageLoad: 300000, script: 30000}, unhandledPromptBehavior: dismiss and notify, webauthn:extension:credBlob: true, webauthn:extension:largeBlob: true, webauthn:virtualAuthenticators: true, webdriver.remote.sessionid: 52f689fef011450b128bcedd833...}\nSession ID: 52f689fef011450b128bcedd8333d04e\n*** Element info: {Using=xpath, value=//div[@class=\"details\"]/a}\r\n\tat jdk.internal.reflect.GeneratedConstructorAccessor75.newInstance(Unknown Source)\r\n\tat java.base/jdk.internal.reflect.DelegatingConstructorAccessorImpl.newInstance(DelegatingConstructorAccessorImpl.java:45)\r\n\tat java.base/java.lang.reflect.Constructor.newInstance(Constructor.java:490)\r\n\tat org.openqa.selenium.remote.http.W3CHttpResponseCodec.createException(W3CHttpResponseCodec.java:187)\r\n\tat org.openqa.selenium.remote.http.W3CHttpResponseCodec.decode(W3CHttpResponseCodec.java:122)\r\n\tat org.openqa.selenium.remote.http.W3CHttpResponseCodec.decode(W3CHttpResponseCodec.java:49)\r\n\tat org.openqa.selenium.remote.HttpCommandExecutor.execute(HttpCommandExecutor.java:158)\r\n\tat org.openqa.selenium.remote.RemoteWebDriver.execute(RemoteWebDriver.java:552)\r\n\tat org.openqa.selenium.remote.RemoteWebDriver.findElement(RemoteWebDriver.java:323)\r\n\tat org.openqa.selenium.remote.RemoteWebDriver.findElementByXPath(RemoteWebDriver.java:428)\r\n\tat testng_framework.WebDriverHelper.getElement(WebDriverHelper.java:156)\r\n\tat testng_framework.WebDriverHelper.getElement(WebDriverHelper.java:172)\r\n\tat testng_framework.WebDriverHelper.clickOnElement(WebDriverHelper.java:249)\r\n\tat generated_tests.Regression_Chile_Ecquador_Consolidated.EC__ETwoE_create_account__Tiered_Discount__CCCOneEightzeroTwozeroFourCThreeSevenFourTwo(Regression_Chile_Ecquador_Consolidated.java:2714)\r\n\tat StepDef.Regression_Chile_Ecquador_Consolidated_StepDef.Regression_Chile_Ecquador_ConsolidatedEC__ETwoE_create_account__Tiered_Discount__CCCOneEightzeroTwozeroFourCThreeSevenFourTwoStep(Regression_Chile_Ecquador_Consolidated_StepDef.java:87)\r\n\tat ✽.Regression Chile Ecquador Consolidated : EC  ETwoE create account  Tiered Discount  CCCOneEightzeroTwozeroFourCThreeSevenFourTwo(file:///C:/Users/kirubanithi_r/Documents/EndtestTestNGMigrationLambdatest/src/main/java/features/Regression_Chile_Ecquador_Consolidated.feature:66)\r\n"},"stage":"finished","steps":[],"attachments":[],"parameters":[],"start":1641550344605,"stop":1641550511321}],"attachments":[],"parameters":[],"start":1641550336723,"stop":1641550514139,"uuid":"2e375f31-46ef-4222-b382-312b48164419","historyId":"2318c1c44ae66664997b296c3a7d703f","fullName":"Regression Chile Ecquador Consolidated: Regression Chile Ecquador Consolidated : EC  ETwoE create account  Tiered Discount  CCCOneEightzeroTwozeroFourCThreeSevenFourTwo","labels":[{"name":"tag","value":"Regression_Chile_Ecquador_Consolidated"},{"name":"tag","value":"Regression_Chile_Ecquador_Consolidated_16"},{"name":"host","value":"CHL127878"},{"name":"thread","value":"18652@CHL127878.TestNG-PoolService-8(25)"},{"name":"feature","value":"Regression Chile Ecquador Consolidated"},{"name":"story","value":"Regression Chile Ecquador Consolidated : EC  ETwoE create account  Tiered Discount  CCCOneEightzeroTwozeroFourCThreeSevenFourTwo"},{"name":"suite","value":"Regression Chile Ecquador Consolidated"},{"name":"testClass","value":"Regression Chile Ecquador Consolidated : EC  ETwoE create account  Tiered Discount  CCCOneEightzeroTwozeroFourCThreeSevenFourTwo"},{"name":"framework","value":"cucumber4jvm"},{"name":"language","value":"java"},{"name":"gherkin_uri","value":"file:///C:/Users/kirubanithi_r/Documents/EndtestTestNGMigrationLambdatest/src/main/java/features/Regression_Chile_Ecquador_Consolidated.feature"},{"name":"package","value":"src.main.java.features.Regression_Chile_Ecquador_Consolidated_feature.Regression Chile Ecquador Consolidated"}],"links":[]}