{"name":"Browse Consolidated : TITULO EN VIDEO DESTACADO HYBRISVOneNinezeroThreeEight  CThreeTwoFourFive","status":"broken","statusDetails":{"known":false,"muted":false,"flaky":false,"message":"no such element: Unable to locate element: {\"method\":\"xpath\",\"selector\":\"//div[@class=\"horizontal-scroll-list__product-cards\"]//div[@class=\"productCard__title\"]/a\"}\n  (Session info: chrome=94.0.4606.81)\nFor documentation on this error, please visit: https://www.seleniumhq.org/exceptions/no_such_element.html\nBuild info: version: '3.141.59', revision: 'e82be7d358', time: '2018-11-14T08:17:03'\nSystem info: host: 'CHL127878', ip: '192.168.1.7', os.name: 'Windows 10', os.arch: 'amd64', os.version: '10.0', java.version: '11.0.12'\nDriver info: org.openqa.selenium.remote.RemoteWebDriver\nCapabilities {acceptInsecureCerts: false, browserName: chrome, browserVersion: 94.0.4606.81, chrome: {chromedriverVersion: 93.0.4577.15 (660fc11082ba5..., userDataDir: C:\\Users\\ltuser\\AppData\\Loc...}, goog:chromeOptions: {debuggerAddress: localhost:59659}, javascriptEnabled: true, networkConnectionEnabled: false, pageLoadStrategy: normal, platform: WINDOWS, platformName: WINDOWS, proxy: Proxy(), setWindowRect: true, strictFileInteractability: false, timeouts: {implicit: 0, pageLoad: 300000, script: 30000}, unhandledPromptBehavior: dismiss and notify, webauthn:extension:credBlob: true, webauthn:extension:largeBlob: true, webauthn:virtualAuthenticators: true, webdriver.remote.sessionid: 21dbea151b9b3f74a48c6f4f131...}\nSession ID: 21dbea151b9b3f74a48c6f4f131207d9\n*** Element info: {Using=xpath, value=//div[@class=\"horizontal-scroll-list__product-cards\"]//div[@class=\"productCard__title\"]/a}","trace":"org.openqa.selenium.NoSuchElementException: no such element: Unable to locate element: {\"method\":\"xpath\",\"selector\":\"//div[@class=\"horizontal-scroll-list__product-cards\"]//div[@class=\"productCard__title\"]/a\"}\n  (Session info: chrome=94.0.4606.81)\nFor documentation on this error, please visit: https://www.seleniumhq.org/exceptions/no_such_element.html\nBuild info: version: '3.141.59', revision: 'e82be7d358', time: '2018-11-14T08:17:03'\nSystem info: host: 'CHL127878', ip: '192.168.1.7', os.name: 'Windows 10', os.arch: 'amd64', os.version: '10.0', java.version: '11.0.12'\nDriver info: org.openqa.selenium.remote.RemoteWebDriver\nCapabilities {acceptInsecureCerts: false, browserName: chrome, browserVersion: 94.0.4606.81, chrome: {chromedriverVersion: 93.0.4577.15 (660fc11082ba5..., userDataDir: C:\\Users\\ltuser\\AppData\\Loc...}, goog:chromeOptions: {debuggerAddress: localhost:59659}, javascriptEnabled: true, networkConnectionEnabled: false, pageLoadStrategy: normal, platform: WINDOWS, platformName: WINDOWS, proxy: Proxy(), setWindowRect: true, strictFileInteractability: false, timeouts: {implicit: 0, pageLoad: 300000, script: 30000}, unhandledPromptBehavior: dismiss and notify, webauthn:extension:credBlob: true, webauthn:extension:largeBlob: true, webauthn:virtualAuthenticators: true, webdriver.remote.sessionid: 21dbea151b9b3f74a48c6f4f131...}\nSession ID: 21dbea151b9b3f74a48c6f4f131207d9\n*** Element info: {Using=xpath, value=//div[@class=\"horizontal-scroll-list__product-cards\"]//div[@class=\"productCard__title\"]/a}\r\n\tat jdk.internal.reflect.GeneratedConstructorAccessor75.newInstance(Unknown Source)\r\n\tat java.base/jdk.internal.reflect.DelegatingConstructorAccessorImpl.newInstance(DelegatingConstructorAccessorImpl.java:45)\r\n\tat java.base/java.lang.reflect.Constructor.newInstance(Constructor.java:490)\r\n\tat org.openqa.selenium.remote.http.W3CHttpResponseCodec.createException(W3CHttpResponseCodec.java:187)\r\n\tat org.openqa.selenium.remote.http.W3CHttpResponseCodec.decode(W3CHttpResponseCodec.java:122)\r\n\tat org.openqa.selenium.remote.http.W3CHttpResponseCodec.decode(W3CHttpResponseCodec.java:49)\r\n\tat org.openqa.selenium.remote.HttpCommandExecutor.execute(HttpCommandExecutor.java:158)\r\n\tat org.openqa.selenium.remote.RemoteWebDriver.execute(RemoteWebDriver.java:552)\r\n\tat org.openqa.selenium.remote.RemoteWebDriver.findElement(RemoteWebDriver.java:323)\r\n\tat org.openqa.selenium.remote.RemoteWebDriver.findElementByXPath(RemoteWebDriver.java:428)\r\n\tat testng_framework.WebDriverHelper.getElement(WebDriverHelper.java:156)\r\n\tat testng_framework.WebDriverHelper.getElement(WebDriverHelper.java:172)\r\n\tat testng_framework.WebDriverHelper.clickOnElement(WebDriverHelper.java:249)\r\n\tat generated_tests.Browse_Consolidated.TITULO_EN_VIDEO_DESTACADO_HYBRISVOneNinezeroThreeEight__CThreeTwoFourFive(Browse_Consolidated.java:3156)\r\n\tat StepDef.Browse_Consolidated_StepDef.Browse_ConsolidatedTITULO_EN_VIDEO_DESTACADO_HYBRISVOneNinezeroThreeEight__CThreeTwoFourFiveStep(Browse_Consolidated_StepDef.java:292)\r\n\tat ✽.Browse Consolidated : TITULO EN VIDEO DESTACADO HYBRISVOneNinezeroThreeEight  CThreeTwoFourFive(file:///C:/Users/kirubanithi_r/Documents/EndtestTestNGMigrationLambdatest/src/main/java/features/Browse_Consolidated.feature:230)\r\n"},"stage":"finished","steps":[{"name":"Given  Browse Consolidated : TITULO EN VIDEO DESTACADO HYBRISVOneNinezeroThreeEight  CThreeTwoFourFive","status":"broken","statusDetails":{"known":false,"muted":false,"flaky":false,"message":"no such element: Unable to locate element: {\"method\":\"xpath\",\"selector\":\"//div[@class=\"horizontal-scroll-list__product-cards\"]//div[@class=\"productCard__title\"]/a\"}\n  (Session info: chrome=94.0.4606.81)\nFor documentation on this error, please visit: https://www.seleniumhq.org/exceptions/no_such_element.html\nBuild info: version: '3.141.59', revision: 'e82be7d358', time: '2018-11-14T08:17:03'\nSystem info: host: 'CHL127878', ip: '192.168.1.7', os.name: 'Windows 10', os.arch: 'amd64', os.version: '10.0', java.version: '11.0.12'\nDriver info: org.openqa.selenium.remote.RemoteWebDriver\nCapabilities {acceptInsecureCerts: false, browserName: chrome, browserVersion: 94.0.4606.81, chrome: {chromedriverVersion: 93.0.4577.15 (660fc11082ba5..., userDataDir: C:\\Users\\ltuser\\AppData\\Loc...}, goog:chromeOptions: {debuggerAddress: localhost:59659}, javascriptEnabled: true, networkConnectionEnabled: false, pageLoadStrategy: normal, platform: WINDOWS, platformName: WINDOWS, proxy: Proxy(), setWindowRect: true, strictFileInteractability: false, timeouts: {implicit: 0, pageLoad: 300000, script: 30000}, unhandledPromptBehavior: dismiss and notify, webauthn:extension:credBlob: true, webauthn:extension:largeBlob: true, webauthn:virtualAuthenticators: true, webdriver.remote.sessionid: 21dbea151b9b3f74a48c6f4f131...}\nSession ID: 21dbea151b9b3f74a48c6f4f131207d9\n*** Element info: {Using=xpath, value=//div[@class=\"horizontal-scroll-list__product-cards\"]//div[@class=\"productCard__title\"]/a}","trace":"org.openqa.selenium.NoSuchElementException: no such element: Unable to locate element: {\"method\":\"xpath\",\"selector\":\"//div[@class=\"horizontal-scroll-list__product-cards\"]//div[@class=\"productCard__title\"]/a\"}\n  (Session info: chrome=94.0.4606.81)\nFor documentation on this error, please visit: https://www.seleniumhq.org/exceptions/no_such_element.html\nBuild info: version: '3.141.59', revision: 'e82be7d358', time: '2018-11-14T08:17:03'\nSystem info: host: 'CHL127878', ip: '192.168.1.7', os.name: 'Windows 10', os.arch: 'amd64', os.version: '10.0', java.version: '11.0.12'\nDriver info: org.openqa.selenium.remote.RemoteWebDriver\nCapabilities {acceptInsecureCerts: false, browserName: chrome, browserVersion: 94.0.4606.81, chrome: {chromedriverVersion: 93.0.4577.15 (660fc11082ba5..., userDataDir: C:\\Users\\ltuser\\AppData\\Loc...}, goog:chromeOptions: {debuggerAddress: localhost:59659}, javascriptEnabled: true, networkConnectionEnabled: false, pageLoadStrategy: normal, platform: WINDOWS, platformName: WINDOWS, proxy: Proxy(), setWindowRect: true, strictFileInteractability: false, timeouts: {implicit: 0, pageLoad: 300000, script: 30000}, unhandledPromptBehavior: dismiss and notify, webauthn:extension:credBlob: true, webauthn:extension:largeBlob: true, webauthn:virtualAuthenticators: true, webdriver.remote.sessionid: 21dbea151b9b3f74a48c6f4f131...}\nSession ID: 21dbea151b9b3f74a48c6f4f131207d9\n*** Element info: {Using=xpath, value=//div[@class=\"horizontal-scroll-list__product-cards\"]//div[@class=\"productCard__title\"]/a}\r\n\tat jdk.internal.reflect.GeneratedConstructorAccessor75.newInstance(Unknown Source)\r\n\tat java.base/jdk.internal.reflect.DelegatingConstructorAccessorImpl.newInstance(DelegatingConstructorAccessorImpl.java:45)\r\n\tat java.base/java.lang.reflect.Constructor.newInstance(Constructor.java:490)\r\n\tat org.openqa.selenium.remote.http.W3CHttpResponseCodec.createException(W3CHttpResponseCodec.java:187)\r\n\tat org.openqa.selenium.remote.http.W3CHttpResponseCodec.decode(W3CHttpResponseCodec.java:122)\r\n\tat org.openqa.selenium.remote.http.W3CHttpResponseCodec.decode(W3CHttpResponseCodec.java:49)\r\n\tat org.openqa.selenium.remote.HttpCommandExecutor.execute(HttpCommandExecutor.java:158)\r\n\tat org.openqa.selenium.remote.RemoteWebDriver.execute(RemoteWebDriver.java:552)\r\n\tat org.openqa.selenium.remote.RemoteWebDriver.findElement(RemoteWebDriver.java:323)\r\n\tat org.openqa.selenium.remote.RemoteWebDriver.findElementByXPath(RemoteWebDriver.java:428)\r\n\tat testng_framework.WebDriverHelper.getElement(WebDriverHelper.java:156)\r\n\tat testng_framework.WebDriverHelper.getElement(WebDriverHelper.java:172)\r\n\tat testng_framework.WebDriverHelper.clickOnElement(WebDriverHelper.java:249)\r\n\tat generated_tests.Browse_Consolidated.TITULO_EN_VIDEO_DESTACADO_HYBRISVOneNinezeroThreeEight__CThreeTwoFourFive(Browse_Consolidated.java:3156)\r\n\tat StepDef.Browse_Consolidated_StepDef.Browse_ConsolidatedTITULO_EN_VIDEO_DESTACADO_HYBRISVOneNinezeroThreeEight__CThreeTwoFourFiveStep(Browse_Consolidated_StepDef.java:292)\r\n\tat ✽.Browse Consolidated : TITULO EN VIDEO DESTACADO HYBRISVOneNinezeroThreeEight  CThreeTwoFourFive(file:///C:/Users/kirubanithi_r/Documents/EndtestTestNGMigrationLambdatest/src/main/java/features/Browse_Consolidated.feature:230)\r\n"},"stage":"finished","steps":[],"attachments":[],"parameters":[],"start":1641548780046,"stop":1641548926381}],"attachments":[],"parameters":[],"start":1641548760392,"stop":1641548931582,"uuid":"36e15f6a-463f-4df7-b639-e69b1e62e82b","historyId":"b7b7a39eed4a0e1f99e0a55a02990b3c","fullName":"Browse Consolidated: Browse Consolidated : TITULO EN VIDEO DESTACADO HYBRISVOneNinezeroThreeEight  CThreeTwoFourFive","labels":[{"name":"tag","value":"Browse_Consolidated"},{"name":"tag","value":"Browse_Consolidated_57"},{"name":"host","value":"CHL127878"},{"name":"thread","value":"18652@CHL127878.TestNG-PoolService-4(21)"},{"name":"feature","value":"Browse Consolidated"},{"name":"story","value":"Browse Consolidated : TITULO EN VIDEO DESTACADO HYBRISVOneNinezeroThreeEight  CThreeTwoFourFive"},{"name":"suite","value":"Browse Consolidated"},{"name":"testClass","value":"Browse Consolidated : TITULO EN VIDEO DESTACADO HYBRISVOneNinezeroThreeEight  CThreeTwoFourFive"},{"name":"framework","value":"cucumber4jvm"},{"name":"language","value":"java"},{"name":"gherkin_uri","value":"file:///C:/Users/kirubanithi_r/Documents/EndtestTestNGMigrationLambdatest/src/main/java/features/Browse_Consolidated.feature"},{"name":"package","value":"src.main.java.features.Browse_Consolidated_feature.Browse Consolidated"}],"links":[]}