{"name":"BackEnd Consolidated : EC Check add product to bag   CThreezeroTwoOne","status":"broken","statusDetails":{"known":false,"muted":false,"flaky":false,"message":"no such element: Unable to locate element: {\"method\":\"xpath\",\"selector\":\"//a[@class='name']\"}\n  (Session info: chrome=94.0.4606.81)\nFor documentation on this error, please visit: https://www.seleniumhq.org/exceptions/no_such_element.html\nBuild info: version: '3.141.59', revision: 'e82be7d358', time: '2018-11-14T08:17:03'\nSystem info: host: 'CHL127878', ip: '192.168.1.7', os.name: 'Windows 10', os.arch: 'amd64', os.version: '10.0', java.version: '11.0.12'\nDriver info: org.openqa.selenium.remote.RemoteWebDriver\nCapabilities {acceptInsecureCerts: false, browserName: chrome, browserVersion: 94.0.4606.81, chrome: {chromedriverVersion: 93.0.4577.15 (660fc11082ba5..., userDataDir: C:\\Users\\ltuser\\AppData\\Loc...}, goog:chromeOptions: {debuggerAddress: localhost:53639}, javascriptEnabled: true, networkConnectionEnabled: false, pageLoadStrategy: normal, platform: WINDOWS, platformName: WINDOWS, proxy: Proxy(), setWindowRect: true, strictFileInteractability: false, timeouts: {implicit: 0, pageLoad: 300000, script: 30000}, unhandledPromptBehavior: dismiss and notify, webauthn:extension:credBlob: true, webauthn:extension:largeBlob: true, webauthn:virtualAuthenticators: true, webdriver.remote.sessionid: a940512fe13f55924dc39b563bc...}\nSession ID: a940512fe13f55924dc39b563bcc612b\n*** Element info: {Using=xpath, value=//a[@class='name']}","trace":"org.openqa.selenium.NoSuchElementException: no such element: Unable to locate element: {\"method\":\"xpath\",\"selector\":\"//a[@class='name']\"}\n  (Session info: chrome=94.0.4606.81)\nFor documentation on this error, please visit: https://www.seleniumhq.org/exceptions/no_such_element.html\nBuild info: version: '3.141.59', revision: 'e82be7d358', time: '2018-11-14T08:17:03'\nSystem info: host: 'CHL127878', ip: '192.168.1.7', os.name: 'Windows 10', os.arch: 'amd64', os.version: '10.0', java.version: '11.0.12'\nDriver info: org.openqa.selenium.remote.RemoteWebDriver\nCapabilities {acceptInsecureCerts: false, browserName: chrome, browserVersion: 94.0.4606.81, chrome: {chromedriverVersion: 93.0.4577.15 (660fc11082ba5..., userDataDir: C:\\Users\\ltuser\\AppData\\Loc...}, goog:chromeOptions: {debuggerAddress: localhost:53639}, javascriptEnabled: true, networkConnectionEnabled: false, pageLoadStrategy: normal, platform: WINDOWS, platformName: WINDOWS, proxy: Proxy(), setWindowRect: true, strictFileInteractability: false, timeouts: {implicit: 0, pageLoad: 300000, script: 30000}, unhandledPromptBehavior: dismiss and notify, webauthn:extension:credBlob: true, webauthn:extension:largeBlob: true, webauthn:virtualAuthenticators: true, webdriver.remote.sessionid: a940512fe13f55924dc39b563bc...}\nSession ID: a940512fe13f55924dc39b563bcc612b\n*** Element info: {Using=xpath, value=//a[@class='name']}\r\n\tat jdk.internal.reflect.GeneratedConstructorAccessor75.newInstance(Unknown Source)\r\n\tat java.base/jdk.internal.reflect.DelegatingConstructorAccessorImpl.newInstance(DelegatingConstructorAccessorImpl.java:45)\r\n\tat java.base/java.lang.reflect.Constructor.newInstance(Constructor.java:490)\r\n\tat org.openqa.selenium.remote.http.W3CHttpResponseCodec.createException(W3CHttpResponseCodec.java:187)\r\n\tat org.openqa.selenium.remote.http.W3CHttpResponseCodec.decode(W3CHttpResponseCodec.java:122)\r\n\tat org.openqa.selenium.remote.http.W3CHttpResponseCodec.decode(W3CHttpResponseCodec.java:49)\r\n\tat org.openqa.selenium.remote.HttpCommandExecutor.execute(HttpCommandExecutor.java:158)\r\n\tat org.openqa.selenium.remote.RemoteWebDriver.execute(RemoteWebDriver.java:552)\r\n\tat org.openqa.selenium.remote.RemoteWebDriver.findElement(RemoteWebDriver.java:323)\r\n\tat org.openqa.selenium.remote.RemoteWebDriver.findElementByXPath(RemoteWebDriver.java:428)\r\n\tat testng_framework.WebDriverHelper.getElement(WebDriverHelper.java:156)\r\n\tat testng_framework.WebDriverHelper.getElement(WebDriverHelper.java:172)\r\n\tat testng_framework.WebDriverHelper.clickOnElement(WebDriverHelper.java:249)\r\n\tat generated_tests.BackEnd_Consolidated.EC_Check_add_product_to_bag___CThreezeroTwoOne(BackEnd_Consolidated.java:2196)\r\n\tat StepDef.BackEnd_Consolidated_StepDef.BackEnd_ConsolidatedEC_Check_add_product_to_bag___CThreezeroTwoOneStep(BackEnd_Consolidated_StepDef.java:72)\r\n\tat ✽.BackEnd Consolidated : EC Check add product to bag   CThreezeroTwoOne(file:///C:/Users/kirubanithi_r/Documents/EndtestTestNGMigrationLambdatest/src/main/java/features/BackEnd_Consolidated.feature:54)\r\n"},"stage":"finished","steps":[{"name":"Given  BackEnd Consolidated : EC Check add product to bag   CThreezeroTwoOne","status":"broken","statusDetails":{"known":false,"muted":false,"flaky":false,"message":"no such element: Unable to locate element: {\"method\":\"xpath\",\"selector\":\"//a[@class='name']\"}\n  (Session info: chrome=94.0.4606.81)\nFor documentation on this error, please visit: https://www.seleniumhq.org/exceptions/no_such_element.html\nBuild info: version: '3.141.59', revision: 'e82be7d358', time: '2018-11-14T08:17:03'\nSystem info: host: 'CHL127878', ip: '192.168.1.7', os.name: 'Windows 10', os.arch: 'amd64', os.version: '10.0', java.version: '11.0.12'\nDriver info: org.openqa.selenium.remote.RemoteWebDriver\nCapabilities {acceptInsecureCerts: false, browserName: chrome, browserVersion: 94.0.4606.81, chrome: {chromedriverVersion: 93.0.4577.15 (660fc11082ba5..., userDataDir: C:\\Users\\ltuser\\AppData\\Loc...}, goog:chromeOptions: {debuggerAddress: localhost:53639}, javascriptEnabled: true, networkConnectionEnabled: false, pageLoadStrategy: normal, platform: WINDOWS, platformName: WINDOWS, proxy: Proxy(), setWindowRect: true, strictFileInteractability: false, timeouts: {implicit: 0, pageLoad: 300000, script: 30000}, unhandledPromptBehavior: dismiss and notify, webauthn:extension:credBlob: true, webauthn:extension:largeBlob: true, webauthn:virtualAuthenticators: true, webdriver.remote.sessionid: a940512fe13f55924dc39b563bc...}\nSession ID: a940512fe13f55924dc39b563bcc612b\n*** Element info: {Using=xpath, value=//a[@class='name']}","trace":"org.openqa.selenium.NoSuchElementException: no such element: Unable to locate element: {\"method\":\"xpath\",\"selector\":\"//a[@class='name']\"}\n  (Session info: chrome=94.0.4606.81)\nFor documentation on this error, please visit: https://www.seleniumhq.org/exceptions/no_such_element.html\nBuild info: version: '3.141.59', revision: 'e82be7d358', time: '2018-11-14T08:17:03'\nSystem info: host: 'CHL127878', ip: '192.168.1.7', os.name: 'Windows 10', os.arch: 'amd64', os.version: '10.0', java.version: '11.0.12'\nDriver info: org.openqa.selenium.remote.RemoteWebDriver\nCapabilities {acceptInsecureCerts: false, browserName: chrome, browserVersion: 94.0.4606.81, chrome: {chromedriverVersion: 93.0.4577.15 (660fc11082ba5..., userDataDir: C:\\Users\\ltuser\\AppData\\Loc...}, goog:chromeOptions: {debuggerAddress: localhost:53639}, javascriptEnabled: true, networkConnectionEnabled: false, pageLoadStrategy: normal, platform: WINDOWS, platformName: WINDOWS, proxy: Proxy(), setWindowRect: true, strictFileInteractability: false, timeouts: {implicit: 0, pageLoad: 300000, script: 30000}, unhandledPromptBehavior: dismiss and notify, webauthn:extension:credBlob: true, webauthn:extension:largeBlob: true, webauthn:virtualAuthenticators: true, webdriver.remote.sessionid: a940512fe13f55924dc39b563bc...}\nSession ID: a940512fe13f55924dc39b563bcc612b\n*** Element info: {Using=xpath, value=//a[@class='name']}\r\n\tat jdk.internal.reflect.GeneratedConstructorAccessor75.newInstance(Unknown Source)\r\n\tat java.base/jdk.internal.reflect.DelegatingConstructorAccessorImpl.newInstance(DelegatingConstructorAccessorImpl.java:45)\r\n\tat java.base/java.lang.reflect.Constructor.newInstance(Constructor.java:490)\r\n\tat org.openqa.selenium.remote.http.W3CHttpResponseCodec.createException(W3CHttpResponseCodec.java:187)\r\n\tat org.openqa.selenium.remote.http.W3CHttpResponseCodec.decode(W3CHttpResponseCodec.java:122)\r\n\tat org.openqa.selenium.remote.http.W3CHttpResponseCodec.decode(W3CHttpResponseCodec.java:49)\r\n\tat org.openqa.selenium.remote.HttpCommandExecutor.execute(HttpCommandExecutor.java:158)\r\n\tat org.openqa.selenium.remote.RemoteWebDriver.execute(RemoteWebDriver.java:552)\r\n\tat org.openqa.selenium.remote.RemoteWebDriver.findElement(RemoteWebDriver.java:323)\r\n\tat org.openqa.selenium.remote.RemoteWebDriver.findElementByXPath(RemoteWebDriver.java:428)\r\n\tat testng_framework.WebDriverHelper.getElement(WebDriverHelper.java:156)\r\n\tat testng_framework.WebDriverHelper.getElement(WebDriverHelper.java:172)\r\n\tat testng_framework.WebDriverHelper.clickOnElement(WebDriverHelper.java:249)\r\n\tat generated_tests.BackEnd_Consolidated.EC_Check_add_product_to_bag___CThreezeroTwoOne(BackEnd_Consolidated.java:2196)\r\n\tat StepDef.BackEnd_Consolidated_StepDef.BackEnd_ConsolidatedEC_Check_add_product_to_bag___CThreezeroTwoOneStep(BackEnd_Consolidated_StepDef.java:72)\r\n\tat ✽.BackEnd Consolidated : EC Check add product to bag   CThreezeroTwoOne(file:///C:/Users/kirubanithi_r/Documents/EndtestTestNGMigrationLambdatest/src/main/java/features/BackEnd_Consolidated.feature:54)\r\n"},"stage":"finished","steps":[],"attachments":[],"parameters":[],"start":1641547662375,"stop":1641547816492}],"attachments":[],"parameters":[],"start":1641547654336,"stop":1641547819254,"uuid":"894a47ed-6f5a-4a8a-970d-5c0cea9964fb","historyId":"c1665c316ea03699de5616cc3c8a8ead","fullName":"BackEnd Consolidated: BackEnd Consolidated : EC Check add product to bag   CThreezeroTwoOne","labels":[{"name":"tag","value":"BackEnd_Consolidated"},{"name":"tag","value":"BackEnd_Consolidated_13"},{"name":"host","value":"CHL127878"},{"name":"thread","value":"18652@CHL127878.TestNG-PoolService-1(18)"},{"name":"feature","value":"BackEnd Consolidated"},{"name":"story","value":"BackEnd Consolidated : EC Check add product to bag   CThreezeroTwoOne"},{"name":"suite","value":"BackEnd Consolidated"},{"name":"testClass","value":"BackEnd Consolidated : EC Check add product to bag   CThreezeroTwoOne"},{"name":"framework","value":"cucumber4jvm"},{"name":"language","value":"java"},{"name":"gherkin_uri","value":"file:///C:/Users/kirubanithi_r/Documents/EndtestTestNGMigrationLambdatest/src/main/java/features/BackEnd_Consolidated.feature"},{"name":"package","value":"src.main.java.features.BackEnd_Consolidated_feature.BackEnd Consolidated"}],"links":[]}