{"name":"BackEnd Consolidated : ECSCENARIO Three Purchase in virtual store  start Guest User  debit cardCTwoNineNineNine","status":"broken","statusDetails":{"known":false,"muted":false,"flaky":false,"message":"no such element: Unable to locate element: {\"method\":\"xpath\",\"selector\":\"//div[@class='product__listing product__grid']/child::div[1]/child::div[2]/child::a\"}\n  (Session info: chrome=94.0.4606.41)\nFor documentation on this error, please visit: https://www.seleniumhq.org/exceptions/no_such_element.html\nBuild info: version: '3.141.59', revision: 'e82be7d358', time: '2018-11-14T08:17:03'\nSystem info: host: 'CHL127878', ip: '192.168.1.7', os.name: 'Windows 10', os.arch: 'amd64', os.version: '10.0', java.version: '11.0.12'\nDriver info: org.openqa.selenium.remote.RemoteWebDriver\nCapabilities {acceptInsecureCerts: false, browserName: chrome, browserVersion: 94.0.4606.41, chrome: {chromedriverVersion: 93.0.4577.15 (660fc11082ba5..., userDataDir: C:\\Users\\ltuser\\AppData\\Loc...}, goog:chromeOptions: {debuggerAddress: localhost:57447}, javascriptEnabled: true, networkConnectionEnabled: false, pageLoadStrategy: normal, platform: WINDOWS, platformName: WINDOWS, proxy: Proxy(), setWindowRect: true, strictFileInteractability: false, timeouts: {implicit: 0, pageLoad: 300000, script: 30000}, unhandledPromptBehavior: dismiss and notify, webauthn:extension:credBlob: true, webauthn:extension:largeBlob: true, webauthn:virtualAuthenticators: true, webdriver.remote.sessionid: 3afeb519cb3ba1c0d0a1aaa3b1e...}\nSession ID: 3afeb519cb3ba1c0d0a1aaa3b1e04ea4\n*** Element info: {Using=xpath, value=//div[@class='product__listing product__grid']/child::div[1]/child::div[2]/child::a}","trace":"org.openqa.selenium.NoSuchElementException: no such element: Unable to locate element: {\"method\":\"xpath\",\"selector\":\"//div[@class='product__listing product__grid']/child::div[1]/child::div[2]/child::a\"}\n  (Session info: chrome=94.0.4606.41)\nFor documentation on this error, please visit: https://www.seleniumhq.org/exceptions/no_such_element.html\nBuild info: version: '3.141.59', revision: 'e82be7d358', time: '2018-11-14T08:17:03'\nSystem info: host: 'CHL127878', ip: '192.168.1.7', os.name: 'Windows 10', os.arch: 'amd64', os.version: '10.0', java.version: '11.0.12'\nDriver info: org.openqa.selenium.remote.RemoteWebDriver\nCapabilities {acceptInsecureCerts: false, browserName: chrome, browserVersion: 94.0.4606.41, chrome: {chromedriverVersion: 93.0.4577.15 (660fc11082ba5..., userDataDir: C:\\Users\\ltuser\\AppData\\Loc...}, goog:chromeOptions: {debuggerAddress: localhost:57447}, javascriptEnabled: true, networkConnectionEnabled: false, pageLoadStrategy: normal, platform: WINDOWS, platformName: WINDOWS, proxy: Proxy(), setWindowRect: true, strictFileInteractability: false, timeouts: {implicit: 0, pageLoad: 300000, script: 30000}, unhandledPromptBehavior: dismiss and notify, webauthn:extension:credBlob: true, webauthn:extension:largeBlob: true, webauthn:virtualAuthenticators: true, webdriver.remote.sessionid: 3afeb519cb3ba1c0d0a1aaa3b1e...}\nSession ID: 3afeb519cb3ba1c0d0a1aaa3b1e04ea4\n*** Element info: {Using=xpath, value=//div[@class='product__listing product__grid']/child::div[1]/child::div[2]/child::a}\r\n\tat jdk.internal.reflect.GeneratedConstructorAccessor75.newInstance(Unknown Source)\r\n\tat java.base/jdk.internal.reflect.DelegatingConstructorAccessorImpl.newInstance(DelegatingConstructorAccessorImpl.java:45)\r\n\tat java.base/java.lang.reflect.Constructor.newInstance(Constructor.java:490)\r\n\tat org.openqa.selenium.remote.http.W3CHttpResponseCodec.createException(W3CHttpResponseCodec.java:187)\r\n\tat org.openqa.selenium.remote.http.W3CHttpResponseCodec.decode(W3CHttpResponseCodec.java:122)\r\n\tat org.openqa.selenium.remote.http.W3CHttpResponseCodec.decode(W3CHttpResponseCodec.java:49)\r\n\tat org.openqa.selenium.remote.HttpCommandExecutor.execute(HttpCommandExecutor.java:158)\r\n\tat org.openqa.selenium.remote.RemoteWebDriver.execute(RemoteWebDriver.java:552)\r\n\tat org.openqa.selenium.remote.RemoteWebDriver.findElement(RemoteWebDriver.java:323)\r\n\tat org.openqa.selenium.remote.RemoteWebDriver.findElementByXPath(RemoteWebDriver.java:428)\r\n\tat testng_framework.WebDriverHelper.getElement(WebDriverHelper.java:156)\r\n\tat testng_framework.WebDriverHelper.getElement(WebDriverHelper.java:172)\r\n\tat testng_framework.WebDriverHelper.clickOnElement(WebDriverHelper.java:249)\r\n\tat generated_tests.BackEnd_Consolidated.ECSCENARIO_Three_Purchase_in_virtual_store__start_Guest_User__debit_cardCTwoNineNineNine(BackEnd_Consolidated.java:3135)\r\n\tat StepDef.BackEnd_Consolidated_StepDef.BackEnd_ConsolidatedECSCENARIO_Three_Purchase_in_virtual_store__start_Guest_User__debit_cardCTwoNineNineNineStep(BackEnd_Consolidated_StepDef.java:112)\r\n\tat ✽.BackEnd Consolidated : ECSCENARIO Three Purchase in virtual store  start Guest User  debit cardCTwoNineNineNine(file:///C:/Users/kirubanithi_r/Documents/EndtestTestNGMigrationLambdatest/src/main/java/features/BackEnd_Consolidated.feature:86)\r\n"},"stage":"finished","steps":[{"name":"Given  BackEnd Consolidated : ECSCENARIO Three Purchase in virtual store  start Guest User  debit cardCTwoNineNineNine","status":"broken","statusDetails":{"known":false,"muted":false,"flaky":false,"message":"no such element: Unable to locate element: {\"method\":\"xpath\",\"selector\":\"//div[@class='product__listing product__grid']/child::div[1]/child::div[2]/child::a\"}\n  (Session info: chrome=94.0.4606.41)\nFor documentation on this error, please visit: https://www.seleniumhq.org/exceptions/no_such_element.html\nBuild info: version: '3.141.59', revision: 'e82be7d358', time: '2018-11-14T08:17:03'\nSystem info: host: 'CHL127878', ip: '192.168.1.7', os.name: 'Windows 10', os.arch: 'amd64', os.version: '10.0', java.version: '11.0.12'\nDriver info: org.openqa.selenium.remote.RemoteWebDriver\nCapabilities {acceptInsecureCerts: false, browserName: chrome, browserVersion: 94.0.4606.41, chrome: {chromedriverVersion: 93.0.4577.15 (660fc11082ba5..., userDataDir: C:\\Users\\ltuser\\AppData\\Loc...}, goog:chromeOptions: {debuggerAddress: localhost:57447}, javascriptEnabled: true, networkConnectionEnabled: false, pageLoadStrategy: normal, platform: WINDOWS, platformName: WINDOWS, proxy: Proxy(), setWindowRect: true, strictFileInteractability: false, timeouts: {implicit: 0, pageLoad: 300000, script: 30000}, unhandledPromptBehavior: dismiss and notify, webauthn:extension:credBlob: true, webauthn:extension:largeBlob: true, webauthn:virtualAuthenticators: true, webdriver.remote.sessionid: 3afeb519cb3ba1c0d0a1aaa3b1e...}\nSession ID: 3afeb519cb3ba1c0d0a1aaa3b1e04ea4\n*** Element info: {Using=xpath, value=//div[@class='product__listing product__grid']/child::div[1]/child::div[2]/child::a}","trace":"org.openqa.selenium.NoSuchElementException: no such element: Unable to locate element: {\"method\":\"xpath\",\"selector\":\"//div[@class='product__listing product__grid']/child::div[1]/child::div[2]/child::a\"}\n  (Session info: chrome=94.0.4606.41)\nFor documentation on this error, please visit: https://www.seleniumhq.org/exceptions/no_such_element.html\nBuild info: version: '3.141.59', revision: 'e82be7d358', time: '2018-11-14T08:17:03'\nSystem info: host: 'CHL127878', ip: '192.168.1.7', os.name: 'Windows 10', os.arch: 'amd64', os.version: '10.0', java.version: '11.0.12'\nDriver info: org.openqa.selenium.remote.RemoteWebDriver\nCapabilities {acceptInsecureCerts: false, browserName: chrome, browserVersion: 94.0.4606.41, chrome: {chromedriverVersion: 93.0.4577.15 (660fc11082ba5..., userDataDir: C:\\Users\\ltuser\\AppData\\Loc...}, goog:chromeOptions: {debuggerAddress: localhost:57447}, javascriptEnabled: true, networkConnectionEnabled: false, pageLoadStrategy: normal, platform: WINDOWS, platformName: WINDOWS, proxy: Proxy(), setWindowRect: true, strictFileInteractability: false, timeouts: {implicit: 0, pageLoad: 300000, script: 30000}, unhandledPromptBehavior: dismiss and notify, webauthn:extension:credBlob: true, webauthn:extension:largeBlob: true, webauthn:virtualAuthenticators: true, webdriver.remote.sessionid: 3afeb519cb3ba1c0d0a1aaa3b1e...}\nSession ID: 3afeb519cb3ba1c0d0a1aaa3b1e04ea4\n*** Element info: {Using=xpath, value=//div[@class='product__listing product__grid']/child::div[1]/child::div[2]/child::a}\r\n\tat jdk.internal.reflect.GeneratedConstructorAccessor75.newInstance(Unknown Source)\r\n\tat java.base/jdk.internal.reflect.DelegatingConstructorAccessorImpl.newInstance(DelegatingConstructorAccessorImpl.java:45)\r\n\tat java.base/java.lang.reflect.Constructor.newInstance(Constructor.java:490)\r\n\tat org.openqa.selenium.remote.http.W3CHttpResponseCodec.createException(W3CHttpResponseCodec.java:187)\r\n\tat org.openqa.selenium.remote.http.W3CHttpResponseCodec.decode(W3CHttpResponseCodec.java:122)\r\n\tat org.openqa.selenium.remote.http.W3CHttpResponseCodec.decode(W3CHttpResponseCodec.java:49)\r\n\tat org.openqa.selenium.remote.HttpCommandExecutor.execute(HttpCommandExecutor.java:158)\r\n\tat org.openqa.selenium.remote.RemoteWebDriver.execute(RemoteWebDriver.java:552)\r\n\tat org.openqa.selenium.remote.RemoteWebDriver.findElement(RemoteWebDriver.java:323)\r\n\tat org.openqa.selenium.remote.RemoteWebDriver.findElementByXPath(RemoteWebDriver.java:428)\r\n\tat testng_framework.WebDriverHelper.getElement(WebDriverHelper.java:156)\r\n\tat testng_framework.WebDriverHelper.getElement(WebDriverHelper.java:172)\r\n\tat testng_framework.WebDriverHelper.clickOnElement(WebDriverHelper.java:249)\r\n\tat generated_tests.BackEnd_Consolidated.ECSCENARIO_Three_Purchase_in_virtual_store__start_Guest_User__debit_cardCTwoNineNineNine(BackEnd_Consolidated.java:3135)\r\n\tat StepDef.BackEnd_Consolidated_StepDef.BackEnd_ConsolidatedECSCENARIO_Three_Purchase_in_virtual_store__start_Guest_User__debit_cardCTwoNineNineNineStep(BackEnd_Consolidated_StepDef.java:112)\r\n\tat ✽.BackEnd Consolidated : ECSCENARIO Three Purchase in virtual store  start Guest User  debit cardCTwoNineNineNine(file:///C:/Users/kirubanithi_r/Documents/EndtestTestNGMigrationLambdatest/src/main/java/features/BackEnd_Consolidated.feature:86)\r\n"},"stage":"finished","steps":[],"attachments":[],"parameters":[],"start":1641547760597,"stop":1641547909951}],"attachments":[],"parameters":[],"start":1641547751579,"stop":1641547912960,"uuid":"96c775d1-03b3-42b7-a5b4-ab1904911ab2","historyId":"a8f13fb6e7d55e5e4e91f553998aa7d1","fullName":"BackEnd Consolidated: BackEnd Consolidated : ECSCENARIO Three Purchase in virtual store  start Guest User  debit cardCTwoNineNineNine","labels":[{"name":"tag","value":"BackEnd_Consolidated"},{"name":"tag","value":"BackEnd_Consolidated_21"},{"name":"host","value":"CHL127878"},{"name":"thread","value":"18652@CHL127878.TestNG-PoolService-3(20)"},{"name":"feature","value":"BackEnd Consolidated"},{"name":"story","value":"BackEnd Consolidated : ECSCENARIO Three Purchase in virtual store  start Guest User  debit cardCTwoNineNineNine"},{"name":"suite","value":"BackEnd Consolidated"},{"name":"testClass","value":"BackEnd Consolidated : ECSCENARIO Three Purchase in virtual store  start Guest User  debit cardCTwoNineNineNine"},{"name":"framework","value":"cucumber4jvm"},{"name":"language","value":"java"},{"name":"gherkin_uri","value":"file:///C:/Users/kirubanithi_r/Documents/EndtestTestNGMigrationLambdatest/src/main/java/features/BackEnd_Consolidated.feature"},{"name":"package","value":"src.main.java.features.BackEnd_Consolidated_feature.BackEnd Consolidated"}],"links":[]}