{"name":"Regression Peru Ecom : Purchase in virtual store guest user credit card CTwoSixSixTwo CTwoSixSixSix CTwoSixSevenOne CTwoSixSevenSeven CTwoSixEightOne","status":"broken","statusDetails":{"known":false,"muted":false,"flaky":false,"message":"no such element: Unable to locate element: {\"method\":\"css selector\",\"selector\":\"#product_productName_200084882\"}\n  (Session info: chrome=94.0.4606.81)\nFor documentation on this error, please visit: https://www.seleniumhq.org/exceptions/no_such_element.html\nBuild info: version: '3.141.59', revision: 'e82be7d358', time: '2018-11-14T08:17:03'\nSystem info: host: 'CHL127878', ip: '192.168.1.7', os.name: 'Windows 10', os.arch: 'amd64', os.version: '10.0', java.version: '11.0.12'\nDriver info: org.openqa.selenium.remote.RemoteWebDriver\nCapabilities {acceptInsecureCerts: false, browserName: chrome, browserVersion: 94.0.4606.81, chrome: {chromedriverVersion: 93.0.4577.15 (660fc11082ba5..., userDataDir: C:\\Users\\ltuser\\AppData\\Loc...}, goog:chromeOptions: {debuggerAddress: localhost:55841}, javascriptEnabled: true, networkConnectionEnabled: false, pageLoadStrategy: normal, platform: WINDOWS, platformName: WINDOWS, proxy: Proxy(), setWindowRect: true, strictFileInteractability: false, timeouts: {implicit: 0, pageLoad: 300000, script: 30000}, unhandledPromptBehavior: dismiss and notify, webauthn:extension:credBlob: true, webauthn:extension:largeBlob: true, webauthn:virtualAuthenticators: true, webdriver.remote.sessionid: 6f2d2a11819df590fb5f8c4800c...}\nSession ID: 6f2d2a11819df590fb5f8c4800cbd263\n*** Element info: {Using=id, value=product_productName_200084882}","trace":"org.openqa.selenium.NoSuchElementException: no such element: Unable to locate element: {\"method\":\"css selector\",\"selector\":\"#product_productName_200084882\"}\n  (Session info: chrome=94.0.4606.81)\nFor documentation on this error, please visit: https://www.seleniumhq.org/exceptions/no_such_element.html\nBuild info: version: '3.141.59', revision: 'e82be7d358', time: '2018-11-14T08:17:03'\nSystem info: host: 'CHL127878', ip: '192.168.1.7', os.name: 'Windows 10', os.arch: 'amd64', os.version: '10.0', java.version: '11.0.12'\nDriver info: org.openqa.selenium.remote.RemoteWebDriver\nCapabilities {acceptInsecureCerts: false, browserName: chrome, browserVersion: 94.0.4606.81, chrome: {chromedriverVersion: 93.0.4577.15 (660fc11082ba5..., userDataDir: C:\\Users\\ltuser\\AppData\\Loc...}, goog:chromeOptions: {debuggerAddress: localhost:55841}, javascriptEnabled: true, networkConnectionEnabled: false, pageLoadStrategy: normal, platform: WINDOWS, platformName: WINDOWS, proxy: Proxy(), setWindowRect: true, strictFileInteractability: false, timeouts: {implicit: 0, pageLoad: 300000, script: 30000}, unhandledPromptBehavior: dismiss and notify, webauthn:extension:credBlob: true, webauthn:extension:largeBlob: true, webauthn:virtualAuthenticators: true, webdriver.remote.sessionid: 6f2d2a11819df590fb5f8c4800c...}\nSession ID: 6f2d2a11819df590fb5f8c4800cbd263\n*** Element info: {Using=id, value=product_productName_200084882}\r\n\tat jdk.internal.reflect.GeneratedConstructorAccessor75.newInstance(Unknown Source)\r\n\tat java.base/jdk.internal.reflect.DelegatingConstructorAccessorImpl.newInstance(DelegatingConstructorAccessorImpl.java:45)\r\n\tat java.base/java.lang.reflect.Constructor.newInstance(Constructor.java:490)\r\n\tat org.openqa.selenium.remote.http.W3CHttpResponseCodec.createException(W3CHttpResponseCodec.java:187)\r\n\tat org.openqa.selenium.remote.http.W3CHttpResponseCodec.decode(W3CHttpResponseCodec.java:122)\r\n\tat org.openqa.selenium.remote.http.W3CHttpResponseCodec.decode(W3CHttpResponseCodec.java:49)\r\n\tat org.openqa.selenium.remote.HttpCommandExecutor.execute(HttpCommandExecutor.java:158)\r\n\tat org.openqa.selenium.remote.RemoteWebDriver.execute(RemoteWebDriver.java:552)\r\n\tat org.openqa.selenium.remote.RemoteWebDriver.findElement(RemoteWebDriver.java:323)\r\n\tat org.openqa.selenium.remote.RemoteWebDriver.findElementById(RemoteWebDriver.java:372)\r\n\tat testng_framework.WebDriverHelper.getElement(WebDriverHelper.java:150)\r\n\tat testng_framework.WebDriverHelper.getElement(WebDriverHelper.java:172)\r\n\tat testng_framework.WebDriverHelper.clickOnElement(WebDriverHelper.java:249)\r\n\tat generated_tests.Regression_Peru_Ecom.Purchase_in_virtual_store_guest_user_credit_card_CTwoSixSixTwo_CTwoSixSixSix_CTwoSixSevenOne_CTwoSixSevenSeven_CTwoSixEightOne(Regression_Peru_Ecom.java:458)\r\n\tat StepDef.Regression_Peru_Ecom_StepDef.Regression_Peru_EcomPurchase_in_virtual_store_guest_user_credit_card_CTwoSixSixTwo_CTwoSixSixSix_CTwoSixSevenOne_CTwoSixSevenSeven_CTwoSixEightOneStep(Regression_Peru_Ecom_StepDef.java:27)\r\n\tat ✽.Regression Peru Ecom : Purchase in virtual store guest user credit card CTwoSixSixTwo CTwoSixSixSix CTwoSixSevenOne CTwoSixSevenSeven CTwoSixEightOne(file:///C:/Users/kirubanithi_r/Documents/EndtestTestNGMigrationLambdatest/src/main/java/features/Regression_Peru_Ecom.feature:18)\r\n"},"stage":"finished","steps":[{"name":"Given  Regression Peru Ecom : Purchase in virtual store guest user credit card CTwoSixSixTwo CTwoSixSixSix CTwoSixSevenOne CTwoSixSevenSeven CTwoSixEightOne","status":"broken","statusDetails":{"known":false,"muted":false,"flaky":false,"message":"no such element: Unable to locate element: {\"method\":\"css selector\",\"selector\":\"#product_productName_200084882\"}\n  (Session info: chrome=94.0.4606.81)\nFor documentation on this error, please visit: https://www.seleniumhq.org/exceptions/no_such_element.html\nBuild info: version: '3.141.59', revision: 'e82be7d358', time: '2018-11-14T08:17:03'\nSystem info: host: 'CHL127878', ip: '192.168.1.7', os.name: 'Windows 10', os.arch: 'amd64', os.version: '10.0', java.version: '11.0.12'\nDriver info: org.openqa.selenium.remote.RemoteWebDriver\nCapabilities {acceptInsecureCerts: false, browserName: chrome, browserVersion: 94.0.4606.81, chrome: {chromedriverVersion: 93.0.4577.15 (660fc11082ba5..., userDataDir: C:\\Users\\ltuser\\AppData\\Loc...}, goog:chromeOptions: {debuggerAddress: localhost:55841}, javascriptEnabled: true, networkConnectionEnabled: false, pageLoadStrategy: normal, platform: WINDOWS, platformName: WINDOWS, proxy: Proxy(), setWindowRect: true, strictFileInteractability: false, timeouts: {implicit: 0, pageLoad: 300000, script: 30000}, unhandledPromptBehavior: dismiss and notify, webauthn:extension:credBlob: true, webauthn:extension:largeBlob: true, webauthn:virtualAuthenticators: true, webdriver.remote.sessionid: 6f2d2a11819df590fb5f8c4800c...}\nSession ID: 6f2d2a11819df590fb5f8c4800cbd263\n*** Element info: {Using=id, value=product_productName_200084882}","trace":"org.openqa.selenium.NoSuchElementException: no such element: Unable to locate element: {\"method\":\"css selector\",\"selector\":\"#product_productName_200084882\"}\n  (Session info: chrome=94.0.4606.81)\nFor documentation on this error, please visit: https://www.seleniumhq.org/exceptions/no_such_element.html\nBuild info: version: '3.141.59', revision: 'e82be7d358', time: '2018-11-14T08:17:03'\nSystem info: host: 'CHL127878', ip: '192.168.1.7', os.name: 'Windows 10', os.arch: 'amd64', os.version: '10.0', java.version: '11.0.12'\nDriver info: org.openqa.selenium.remote.RemoteWebDriver\nCapabilities {acceptInsecureCerts: false, browserName: chrome, browserVersion: 94.0.4606.81, chrome: {chromedriverVersion: 93.0.4577.15 (660fc11082ba5..., userDataDir: C:\\Users\\ltuser\\AppData\\Loc...}, goog:chromeOptions: {debuggerAddress: localhost:55841}, javascriptEnabled: true, networkConnectionEnabled: false, pageLoadStrategy: normal, platform: WINDOWS, platformName: WINDOWS, proxy: Proxy(), setWindowRect: true, strictFileInteractability: false, timeouts: {implicit: 0, pageLoad: 300000, script: 30000}, unhandledPromptBehavior: dismiss and notify, webauthn:extension:credBlob: true, webauthn:extension:largeBlob: true, webauthn:virtualAuthenticators: true, webdriver.remote.sessionid: 6f2d2a11819df590fb5f8c4800c...}\nSession ID: 6f2d2a11819df590fb5f8c4800cbd263\n*** Element info: {Using=id, value=product_productName_200084882}\r\n\tat jdk.internal.reflect.GeneratedConstructorAccessor75.newInstance(Unknown Source)\r\n\tat java.base/jdk.internal.reflect.DelegatingConstructorAccessorImpl.newInstance(DelegatingConstructorAccessorImpl.java:45)\r\n\tat java.base/java.lang.reflect.Constructor.newInstance(Constructor.java:490)\r\n\tat org.openqa.selenium.remote.http.W3CHttpResponseCodec.createException(W3CHttpResponseCodec.java:187)\r\n\tat org.openqa.selenium.remote.http.W3CHttpResponseCodec.decode(W3CHttpResponseCodec.java:122)\r\n\tat org.openqa.selenium.remote.http.W3CHttpResponseCodec.decode(W3CHttpResponseCodec.java:49)\r\n\tat org.openqa.selenium.remote.HttpCommandExecutor.execute(HttpCommandExecutor.java:158)\r\n\tat org.openqa.selenium.remote.RemoteWebDriver.execute(RemoteWebDriver.java:552)\r\n\tat org.openqa.selenium.remote.RemoteWebDriver.findElement(RemoteWebDriver.java:323)\r\n\tat org.openqa.selenium.remote.RemoteWebDriver.findElementById(RemoteWebDriver.java:372)\r\n\tat testng_framework.WebDriverHelper.getElement(WebDriverHelper.java:150)\r\n\tat testng_framework.WebDriverHelper.getElement(WebDriverHelper.java:172)\r\n\tat testng_framework.WebDriverHelper.clickOnElement(WebDriverHelper.java:249)\r\n\tat generated_tests.Regression_Peru_Ecom.Purchase_in_virtual_store_guest_user_credit_card_CTwoSixSixTwo_CTwoSixSixSix_CTwoSixSevenOne_CTwoSixSevenSeven_CTwoSixEightOne(Regression_Peru_Ecom.java:458)\r\n\tat StepDef.Regression_Peru_Ecom_StepDef.Regression_Peru_EcomPurchase_in_virtual_store_guest_user_credit_card_CTwoSixSixTwo_CTwoSixSixSix_CTwoSixSevenOne_CTwoSixSevenSeven_CTwoSixEightOneStep(Regression_Peru_Ecom_StepDef.java:27)\r\n\tat ✽.Regression Peru Ecom : Purchase in virtual store guest user credit card CTwoSixSixTwo CTwoSixSixSix CTwoSixSevenOne CTwoSixSevenSeven CTwoSixEightOne(file:///C:/Users/kirubanithi_r/Documents/EndtestTestNGMigrationLambdatest/src/main/java/features/Regression_Peru_Ecom.feature:18)\r\n"},"stage":"finished","steps":[],"attachments":[],"parameters":[],"start":1641551231455,"stop":1641551383296}],"attachments":[],"parameters":[],"start":1641551220459,"stop":1641551386244,"uuid":"ac344430-e71a-49cf-9bfd-c5f8b9bac666","historyId":"3443d26538c696350c0bb6933dec5c8e","fullName":"Regression Peru Ecom: Regression Peru Ecom : Purchase in virtual store guest user credit card CTwoSixSixTwo CTwoSixSixSix CTwoSixSevenOne CTwoSixSevenSeven CTwoSixEightOne","labels":[{"name":"tag","value":"Regression_Peru_Ecom"},{"name":"tag","value":"Regression_Peru_Ecom_4"},{"name":"host","value":"CHL127878"},{"name":"thread","value":"18652@CHL127878.TestNG-PoolService-2(19)"},{"name":"feature","value":"Regression Peru Ecom"},{"name":"story","value":"Regression Peru Ecom : Purchase in virtual store guest user credit card CTwoSixSixTwo CTwoSixSixSix CTwoSixSevenOne CTwoSixSevenSeven CTwoSixEightOne"},{"name":"suite","value":"Regression Peru Ecom"},{"name":"testClass","value":"Regression Peru Ecom : Purchase in virtual store guest user credit card CTwoSixSixTwo CTwoSixSixSix CTwoSixSevenOne CTwoSixSevenSeven CTwoSixEightOne"},{"name":"framework","value":"cucumber4jvm"},{"name":"language","value":"java"},{"name":"gherkin_uri","value":"file:///C:/Users/kirubanithi_r/Documents/EndtestTestNGMigrationLambdatest/src/main/java/features/Regression_Peru_Ecom.feature"},{"name":"package","value":"src.main.java.features.Regression_Peru_Ecom_feature.Regression Peru Ecom"}],"links":[]}