{"name":"New Checkout Step One Peru   Desktop : GuestValidate that the banner for MTO is displayedCTwoOneFiveThree","status":"broken","statusDetails":{"known":false,"muted":false,"flaky":false,"message":"no such element: Unable to locate element: {\"method\":\"xpath\",\"selector\":\"(//a[@class=\"name\"])[2]\"}\n  (Session info: chrome=94.0.4606.81)\nFor documentation on this error, please visit: https://www.seleniumhq.org/exceptions/no_such_element.html\nBuild info: version: '3.141.59', revision: 'e82be7d358', time: '2018-11-14T08:17:03'\nSystem info: host: 'CHL127878', ip: '192.168.1.7', os.name: 'Windows 10', os.arch: 'amd64', os.version: '10.0', java.version: '11.0.12'\nDriver info: org.openqa.selenium.remote.RemoteWebDriver\nCapabilities {acceptInsecureCerts: false, browserName: chrome, browserVersion: 94.0.4606.81, chrome: {chromedriverVersion: 93.0.4577.15 (660fc11082ba5..., userDataDir: C:\\Users\\ltuser\\AppData\\Loc...}, goog:chromeOptions: {debuggerAddress: localhost:50772}, javascriptEnabled: true, networkConnectionEnabled: false, pageLoadStrategy: normal, platform: WINDOWS, platformName: WINDOWS, proxy: Proxy(), setWindowRect: true, strictFileInteractability: false, timeouts: {implicit: 0, pageLoad: 300000, script: 30000}, unhandledPromptBehavior: dismiss and notify, webauthn:extension:credBlob: true, webauthn:extension:largeBlob: true, webauthn:virtualAuthenticators: true, webdriver.remote.sessionid: f1ad720f832637d1c03ff1cbffb...}\nSession ID: f1ad720f832637d1c03ff1cbffb13f48\n*** Element info: {Using=xpath, value=(//a[@class=\"name\"])[2]}","trace":"org.openqa.selenium.NoSuchElementException: no such element: Unable to locate element: {\"method\":\"xpath\",\"selector\":\"(//a[@class=\"name\"])[2]\"}\n  (Session info: chrome=94.0.4606.81)\nFor documentation on this error, please visit: https://www.seleniumhq.org/exceptions/no_such_element.html\nBuild info: version: '3.141.59', revision: 'e82be7d358', time: '2018-11-14T08:17:03'\nSystem info: host: 'CHL127878', ip: '192.168.1.7', os.name: 'Windows 10', os.arch: 'amd64', os.version: '10.0', java.version: '11.0.12'\nDriver info: org.openqa.selenium.remote.RemoteWebDriver\nCapabilities {acceptInsecureCerts: false, browserName: chrome, browserVersion: 94.0.4606.81, chrome: {chromedriverVersion: 93.0.4577.15 (660fc11082ba5..., userDataDir: C:\\Users\\ltuser\\AppData\\Loc...}, goog:chromeOptions: {debuggerAddress: localhost:50772}, javascriptEnabled: true, networkConnectionEnabled: false, pageLoadStrategy: normal, platform: WINDOWS, platformName: WINDOWS, proxy: Proxy(), setWindowRect: true, strictFileInteractability: false, timeouts: {implicit: 0, pageLoad: 300000, script: 30000}, unhandledPromptBehavior: dismiss and notify, webauthn:extension:credBlob: true, webauthn:extension:largeBlob: true, webauthn:virtualAuthenticators: true, webdriver.remote.sessionid: f1ad720f832637d1c03ff1cbffb...}\nSession ID: f1ad720f832637d1c03ff1cbffb13f48\n*** Element info: {Using=xpath, value=(//a[@class=\"name\"])[2]}\r\n\tat jdk.internal.reflect.GeneratedConstructorAccessor75.newInstance(Unknown Source)\r\n\tat java.base/jdk.internal.reflect.DelegatingConstructorAccessorImpl.newInstance(DelegatingConstructorAccessorImpl.java:45)\r\n\tat java.base/java.lang.reflect.Constructor.newInstance(Constructor.java:490)\r\n\tat org.openqa.selenium.remote.http.W3CHttpResponseCodec.createException(W3CHttpResponseCodec.java:187)\r\n\tat org.openqa.selenium.remote.http.W3CHttpResponseCodec.decode(W3CHttpResponseCodec.java:122)\r\n\tat org.openqa.selenium.remote.http.W3CHttpResponseCodec.decode(W3CHttpResponseCodec.java:49)\r\n\tat org.openqa.selenium.remote.HttpCommandExecutor.execute(HttpCommandExecutor.java:158)\r\n\tat org.openqa.selenium.remote.RemoteWebDriver.execute(RemoteWebDriver.java:552)\r\n\tat org.openqa.selenium.remote.RemoteWebDriver.findElement(RemoteWebDriver.java:323)\r\n\tat org.openqa.selenium.remote.RemoteWebDriver.findElementByXPath(RemoteWebDriver.java:428)\r\n\tat testng_framework.WebDriverHelper.getElement(WebDriverHelper.java:156)\r\n\tat testng_framework.WebDriverHelper.getElement(WebDriverHelper.java:172)\r\n\tat testng_framework.WebDriverHelper.clickOnElement(WebDriverHelper.java:249)\r\n\tat generated_tests.New_Checkout_Step_One_Peru___Desktop.GuestValidate_that_the_banner_for_MTO_is_displayedCTwoOneFiveThree(New_Checkout_Step_One_Peru___Desktop.java:333)\r\n\tat StepDef.New_Checkout_Step_One_Peru___Desktop_StepDef.New_Checkout_Step_One_Peru___DesktopGuestValidate_that_the_banner_for_MTO_is_displayedCTwoOneFiveThreeStep(New_Checkout_Step_One_Peru___Desktop_StepDef.java:37)\r\n\tat ✽.New Checkout Step One Peru   Desktop : GuestValidate that the banner for MTO is displayedCTwoOneFiveThree(file:///C:/Users/kirubanithi_r/Documents/EndtestTestNGMigrationLambdatest/src/main/java/features/New_Checkout_Step_One_Peru___Desktop.feature:26)\r\n"},"stage":"finished","steps":[{"name":"Given  New Checkout Step One Peru   Desktop : GuestValidate that the banner for MTO is displayedCTwoOneFiveThree","status":"broken","statusDetails":{"known":false,"muted":false,"flaky":false,"message":"no such element: Unable to locate element: {\"method\":\"xpath\",\"selector\":\"(//a[@class=\"name\"])[2]\"}\n  (Session info: chrome=94.0.4606.81)\nFor documentation on this error, please visit: https://www.seleniumhq.org/exceptions/no_such_element.html\nBuild info: version: '3.141.59', revision: 'e82be7d358', time: '2018-11-14T08:17:03'\nSystem info: host: 'CHL127878', ip: '192.168.1.7', os.name: 'Windows 10', os.arch: 'amd64', os.version: '10.0', java.version: '11.0.12'\nDriver info: org.openqa.selenium.remote.RemoteWebDriver\nCapabilities {acceptInsecureCerts: false, browserName: chrome, browserVersion: 94.0.4606.81, chrome: {chromedriverVersion: 93.0.4577.15 (660fc11082ba5..., userDataDir: C:\\Users\\ltuser\\AppData\\Loc...}, goog:chromeOptions: {debuggerAddress: localhost:50772}, javascriptEnabled: true, networkConnectionEnabled: false, pageLoadStrategy: normal, platform: WINDOWS, platformName: WINDOWS, proxy: Proxy(), setWindowRect: true, strictFileInteractability: false, timeouts: {implicit: 0, pageLoad: 300000, script: 30000}, unhandledPromptBehavior: dismiss and notify, webauthn:extension:credBlob: true, webauthn:extension:largeBlob: true, webauthn:virtualAuthenticators: true, webdriver.remote.sessionid: f1ad720f832637d1c03ff1cbffb...}\nSession ID: f1ad720f832637d1c03ff1cbffb13f48\n*** Element info: {Using=xpath, value=(//a[@class=\"name\"])[2]}","trace":"org.openqa.selenium.NoSuchElementException: no such element: Unable to locate element: {\"method\":\"xpath\",\"selector\":\"(//a[@class=\"name\"])[2]\"}\n  (Session info: chrome=94.0.4606.81)\nFor documentation on this error, please visit: https://www.seleniumhq.org/exceptions/no_such_element.html\nBuild info: version: '3.141.59', revision: 'e82be7d358', time: '2018-11-14T08:17:03'\nSystem info: host: 'CHL127878', ip: '192.168.1.7', os.name: 'Windows 10', os.arch: 'amd64', os.version: '10.0', java.version: '11.0.12'\nDriver info: org.openqa.selenium.remote.RemoteWebDriver\nCapabilities {acceptInsecureCerts: false, browserName: chrome, browserVersion: 94.0.4606.81, chrome: {chromedriverVersion: 93.0.4577.15 (660fc11082ba5..., userDataDir: C:\\Users\\ltuser\\AppData\\Loc...}, goog:chromeOptions: {debuggerAddress: localhost:50772}, javascriptEnabled: true, networkConnectionEnabled: false, pageLoadStrategy: normal, platform: WINDOWS, platformName: WINDOWS, proxy: Proxy(), setWindowRect: true, strictFileInteractability: false, timeouts: {implicit: 0, pageLoad: 300000, script: 30000}, unhandledPromptBehavior: dismiss and notify, webauthn:extension:credBlob: true, webauthn:extension:largeBlob: true, webauthn:virtualAuthenticators: true, webdriver.remote.sessionid: f1ad720f832637d1c03ff1cbffb...}\nSession ID: f1ad720f832637d1c03ff1cbffb13f48\n*** Element info: {Using=xpath, value=(//a[@class=\"name\"])[2]}\r\n\tat jdk.internal.reflect.GeneratedConstructorAccessor75.newInstance(Unknown Source)\r\n\tat java.base/jdk.internal.reflect.DelegatingConstructorAccessorImpl.newInstance(DelegatingConstructorAccessorImpl.java:45)\r\n\tat java.base/java.lang.reflect.Constructor.newInstance(Constructor.java:490)\r\n\tat org.openqa.selenium.remote.http.W3CHttpResponseCodec.createException(W3CHttpResponseCodec.java:187)\r\n\tat org.openqa.selenium.remote.http.W3CHttpResponseCodec.decode(W3CHttpResponseCodec.java:122)\r\n\tat org.openqa.selenium.remote.http.W3CHttpResponseCodec.decode(W3CHttpResponseCodec.java:49)\r\n\tat org.openqa.selenium.remote.HttpCommandExecutor.execute(HttpCommandExecutor.java:158)\r\n\tat org.openqa.selenium.remote.RemoteWebDriver.execute(RemoteWebDriver.java:552)\r\n\tat org.openqa.selenium.remote.RemoteWebDriver.findElement(RemoteWebDriver.java:323)\r\n\tat org.openqa.selenium.remote.RemoteWebDriver.findElementByXPath(RemoteWebDriver.java:428)\r\n\tat testng_framework.WebDriverHelper.getElement(WebDriverHelper.java:156)\r\n\tat testng_framework.WebDriverHelper.getElement(WebDriverHelper.java:172)\r\n\tat testng_framework.WebDriverHelper.clickOnElement(WebDriverHelper.java:249)\r\n\tat generated_tests.New_Checkout_Step_One_Peru___Desktop.GuestValidate_that_the_banner_for_MTO_is_displayedCTwoOneFiveThree(New_Checkout_Step_One_Peru___Desktop.java:333)\r\n\tat StepDef.New_Checkout_Step_One_Peru___Desktop_StepDef.New_Checkout_Step_One_Peru___DesktopGuestValidate_that_the_banner_for_MTO_is_displayedCTwoOneFiveThreeStep(New_Checkout_Step_One_Peru___Desktop_StepDef.java:37)\r\n\tat ✽.New Checkout Step One Peru   Desktop : GuestValidate that the banner for MTO is displayedCTwoOneFiveThree(file:///C:/Users/kirubanithi_r/Documents/EndtestTestNGMigrationLambdatest/src/main/java/features/New_Checkout_Step_One_Peru___Desktop.feature:26)\r\n"},"stage":"finished","steps":[],"attachments":[],"parameters":[],"start":1641549925921,"stop":1641550077641}],"attachments":[],"parameters":[],"start":1641549917615,"stop":1641550080596,"uuid":"f75194ec-16ba-4f48-83cd-e27d522d1467","historyId":"8a9d8124ce0f34608a171c361131b947","fullName":"New Checkout Step One Peru   Desktop: New Checkout Step One Peru   Desktop : GuestValidate that the banner for MTO is displayedCTwoOneFiveThree","labels":[{"name":"tag","value":"New_Checkout_Step_One_Peru___Desktop"},{"name":"tag","value":"New_Checkout_Step_One_Peru___Desktop_6"},{"name":"host","value":"CHL127878"},{"name":"thread","value":"18652@CHL127878.TestNG-PoolService-8(25)"},{"name":"feature","value":"New Checkout Step One Peru   Desktop"},{"name":"story","value":"New Checkout Step One Peru   Desktop : GuestValidate that the banner for MTO is displayedCTwoOneFiveThree"},{"name":"suite","value":"New Checkout Step One Peru   Desktop"},{"name":"testClass","value":"New Checkout Step One Peru   Desktop : GuestValidate that the banner for MTO is displayedCTwoOneFiveThree"},{"name":"framework","value":"cucumber4jvm"},{"name":"language","value":"java"},{"name":"gherkin_uri","value":"file:///C:/Users/kirubanithi_r/Documents/EndtestTestNGMigrationLambdatest/src/main/java/features/New_Checkout_Step_One_Peru___Desktop.feature"},{"name":"package","value":"src.main.java.features.New_Checkout_Step_One_Peru___Desktop_feature.New Checkout Step One Peru   Desktop"}],"links":[]}